[2023-01-06 18:00:57,032] multiqc                                            [DEBUG  ]  No MultiQC config found: /opt/apps/qiime2/conda/lib/python3.7/site-packages/multiqc_config.yaml
[2023-01-06 18:00:57,032] multiqc                                            [DEBUG  ]  No MultiQC config found: /home/fkebaso/.multiqc_config.yaml
[2023-01-06 18:00:57,032] multiqc                                            [DEBUG  ]  No MultiQC config found: multiqc_config.yaml
[2023-01-06 18:00:57,032] multiqc                                            [DEBUG  ]  Command used: /opt/apps/qiime2/conda/bin/multiqc -o results/quality_reports/multiqc_clean_reads results/quality_reports/quality_clean_reads
[2023-01-06 18:00:58,455] multiqc                                            [WARNING]  MultiQC Version v1.13 now available!
[2023-01-06 18:00:58,455] multiqc                                            [INFO   ]  This is MultiQC v1.9
[2023-01-06 18:00:58,455] multiqc                                            [DEBUG  ]  Command     : /opt/apps/qiime2/conda/bin/multiqc -o results/quality_reports/multiqc_clean_reads results/quality_reports/quality_clean_reads
[2023-01-06 18:00:58,455] multiqc                                            [DEBUG  ]  Working dir : /scratch/fkebaso/hippo/hvariegata
[2023-01-06 18:00:58,455] multiqc                                            [INFO   ]  Template    : default
[2023-01-06 18:00:58,456] multiqc                                            [DEBUG  ]  Running Python 3.7.12 | packaged by conda-forge | (default, Oct 26 2021, 06:08:21)  [GCC 9.4.0]
[2023-01-06 18:00:58,456] multiqc                                            [INFO   ]  Searching   : /scratch/fkebaso/hippo/hvariegata/results/quality_reports/quality_clean_reads
[2023-01-06 18:00:58,456] multiqc                                            [DEBUG  ]  Analysing modules: custom_content, conpair, peddy, somalier, methylQA, mosdepth, phantompeakqualtools, qualimap, preseq, quast, qorts, rna_seqc, rockhopper, rsem, rseqc, busco, goleft_indexcov, disambiguate, supernova, deeptools, sargasso, verifybamid, mirtrace, happy, mirtop, homer, macs2, theta2, snpeff, gatk, htseq, bcftools, featureCounts, fgbio, dragen, dedup, damageprofiler, biobambam2, mtnucratio, picard, prokka, samblaster, samtools, sexdeterrmine, bamtools, jellyfish, vcftools, longranger, stacks, varscan2, bbmap, bismark, biscuit, hicexplorer, hicup, hicpro, salmon, kallisto, slamdunk, star, hisat2, tophat, bowtie2, bowtie1, snpsplit, kat, leehom, adapterRemoval, clipandmerge, cutadapt, flexbar, kaiju, kraken, malt, trimmomatic, sickle, skewer, sortmerna, biobloomtools, fastq_screen, afterqc, fastp, fastqc, pycoqc, minionqc, multivcfanalyzer, clusterflow, bcl2fastq, interop, ivar, flash, seqyclean
[2023-01-06 18:00:58,456] multiqc                                            [DEBUG  ]  Using temporary directory for creating report: /tmp/tmp8s4yvm3b
[2023-01-06 18:00:58,645] multiqc                                            [DEBUG  ]  File ignored by hicexplorer because it exceeded search pattern filesize limit: S1-Hvariegata-F.R2_val_2_fastqc.html
[2023-01-06 18:00:58,648] multiqc                                            [DEBUG  ]  File ignored by longranger/invocation because it exceeded search pattern filesize limit: S1-Hvariegata-F.R2_val_2_fastqc.html
[2023-01-06 18:00:58,648] multiqc                                            [DEBUG  ]  File ignored by rockhopper because it exceeded search pattern filesize limit: S1-Hvariegata-F.R2_val_2_fastqc.html
[2023-01-06 18:00:58,649] multiqc                                            [DEBUG  ]  File ignored by rseqc/bam_stat because it exceeded search pattern filesize limit: S1-Hvariegata-F.R2_val_2_fastqc.html
[2023-01-06 18:00:58,649] multiqc                                            [DEBUG  ]  File ignored by rseqc/junction_annotation because it exceeded search pattern filesize limit: S1-Hvariegata-F.R2_val_2_fastqc.html
[2023-01-06 18:00:58,649] multiqc                                            [DEBUG  ]  File ignored by rseqc/read_distribution because it exceeded search pattern filesize limit: S1-Hvariegata-F.R2_val_2_fastqc.html
[2023-01-06 18:00:58,649] multiqc                                            [DEBUG  ]  File ignored by rseqc/infer_experiment because it exceeded search pattern filesize limit: S1-Hvariegata-F.R2_val_2_fastqc.html
[2023-01-06 18:00:58,760] multiqc                                            [DEBUG  ]  File ignored by hicexplorer because it exceeded search pattern filesize limit: S1-Hvariegata-F.R1_val_1_fastqc.html
[2023-01-06 18:00:58,763] multiqc                                            [DEBUG  ]  File ignored by longranger/invocation because it exceeded search pattern filesize limit: S1-Hvariegata-F.R1_val_1_fastqc.html
[2023-01-06 18:00:58,763] multiqc                                            [DEBUG  ]  File ignored by rockhopper because it exceeded search pattern filesize limit: S1-Hvariegata-F.R1_val_1_fastqc.html
[2023-01-06 18:00:58,763] multiqc                                            [DEBUG  ]  File ignored by rseqc/bam_stat because it exceeded search pattern filesize limit: S1-Hvariegata-F.R1_val_1_fastqc.html
[2023-01-06 18:00:58,763] multiqc                                            [DEBUG  ]  File ignored by rseqc/junction_annotation because it exceeded search pattern filesize limit: S1-Hvariegata-F.R1_val_1_fastqc.html
[2023-01-06 18:00:58,763] multiqc                                            [DEBUG  ]  File ignored by rseqc/read_distribution because it exceeded search pattern filesize limit: S1-Hvariegata-F.R1_val_1_fastqc.html
[2023-01-06 18:00:58,763] multiqc                                            [DEBUG  ]  File ignored by rseqc/infer_experiment because it exceeded search pattern filesize limit: S1-Hvariegata-F.R1_val_1_fastqc.html
[2023-01-06 18:00:59,203] multiqc.plots.bargraph                             [DEBUG  ]  Using matplotlib version 3.2.2
[2023-01-06 18:00:59,204] multiqc.plots.linegraph                            [DEBUG  ]  Using matplotlib version 3.2.2
[2023-01-06 18:00:59,205] multiqc                                            [DEBUG  ]  No samples found: custom_content
[2023-01-06 18:00:59,212] multiqc                                            [DEBUG  ]  No samples found: conpair
[2023-01-06 18:00:59,218] multiqc                                            [DEBUG  ]  No samples found: peddy
[2023-01-06 18:00:59,224] multiqc                                            [DEBUG  ]  No samples found: somalier
[2023-01-06 18:00:59,230] multiqc                                            [DEBUG  ]  No samples found: methylQA
[2023-01-06 18:00:59,236] multiqc                                            [DEBUG  ]  No samples found: mosdepth
[2023-01-06 18:00:59,242] multiqc                                            [DEBUG  ]  No samples found: phantompeakqualtools
[2023-01-06 18:00:59,248] multiqc                                            [DEBUG  ]  No samples found: qualimap
[2023-01-06 18:00:59,254] multiqc                                            [DEBUG  ]  No samples found: preseq
[2023-01-06 18:00:59,260] multiqc                                            [DEBUG  ]  No samples found: quast
[2023-01-06 18:00:59,266] multiqc                                            [DEBUG  ]  No samples found: qorts
[2023-01-06 18:00:59,272] multiqc                                            [DEBUG  ]  No samples found: rna_seqc
[2023-01-06 18:00:59,278] multiqc                                            [DEBUG  ]  No samples found: rockhopper
[2023-01-06 18:00:59,284] multiqc                                            [DEBUG  ]  No samples found: rsem
[2023-01-06 18:00:59,292] multiqc                                            [DEBUG  ]  No samples found: rseqc
[2023-01-06 18:00:59,298] multiqc                                            [DEBUG  ]  No samples found: busco
[2023-01-06 18:00:59,303] multiqc                                            [DEBUG  ]  No samples found: goleft_indexcov
[2023-01-06 18:00:59,309] multiqc                                            [DEBUG  ]  No samples found: disambiguate
[2023-01-06 18:00:59,315] multiqc                                            [DEBUG  ]  No samples found: supernova
[2023-01-06 18:00:59,323] multiqc                                            [DEBUG  ]  No samples found: deeptools
[2023-01-06 18:00:59,330] multiqc                                            [DEBUG  ]  No samples found: sargasso
[2023-01-06 18:00:59,335] multiqc                                            [DEBUG  ]  No samples found: verifybamid
[2023-01-06 18:00:59,341] multiqc                                            [DEBUG  ]  No samples found: mirtrace
[2023-01-06 18:00:59,347] multiqc                                            [DEBUG  ]  No samples found: happy
[2023-01-06 18:00:59,353] multiqc                                            [DEBUG  ]  No samples found: mirtop
[2023-01-06 18:00:59,359] multiqc                                            [DEBUG  ]  No samples found: homer
[2023-01-06 18:00:59,365] multiqc                                            [DEBUG  ]  No samples found: macs2
[2023-01-06 18:00:59,371] multiqc                                            [DEBUG  ]  No samples found: theta2
[2023-01-06 18:00:59,377] multiqc                                            [DEBUG  ]  No samples found: snpeff
[2023-01-06 18:00:59,383] multiqc                                            [DEBUG  ]  No samples found: gatk
[2023-01-06 18:00:59,389] multiqc                                            [DEBUG  ]  No samples found: htseq
[2023-01-06 18:00:59,396] multiqc                                            [DEBUG  ]  No samples found: bcftools
[2023-01-06 18:00:59,401] multiqc                                            [DEBUG  ]  No samples found: featureCounts
[2023-01-06 18:00:59,408] multiqc                                            [DEBUG  ]  No samples found: fgbio
[2023-01-06 18:00:59,416] multiqc                                            [DEBUG  ]  No samples found: dragen
[2023-01-06 18:00:59,422] multiqc                                            [DEBUG  ]  No samples found: dedup
[2023-01-06 18:00:59,428] multiqc                                            [DEBUG  ]  No samples found: damageprofiler
[2023-01-06 18:00:59,439] multiqc                                            [DEBUG  ]  No samples found: biobambam2
[2023-01-06 18:00:59,446] multiqc                                            [DEBUG  ]  No samples found: mtnucratio
[2023-01-06 18:00:59,451] multiqc                                            [DEBUG  ]  No samples found: picard
[2023-01-06 18:00:59,457] multiqc                                            [DEBUG  ]  No samples found: prokka
[2023-01-06 18:00:59,463] multiqc                                            [DEBUG  ]  No samples found: samblaster
[2023-01-06 18:00:59,470] multiqc                                            [DEBUG  ]  No samples found: samtools
[2023-01-06 18:00:59,475] multiqc                                            [DEBUG  ]  No samples found: sexdeterrmine
[2023-01-06 18:00:59,484] multiqc                                            [DEBUG  ]  No samples found: bamtools
[2023-01-06 18:00:59,490] multiqc                                            [DEBUG  ]  No samples found: jellyfish
[2023-01-06 18:00:59,497] multiqc                                            [DEBUG  ]  No samples found: vcftools
[2023-01-06 18:00:59,503] multiqc                                            [DEBUG  ]  No samples found: longranger
[2023-01-06 18:00:59,509] multiqc                                            [DEBUG  ]  No samples found: stacks
[2023-01-06 18:00:59,515] multiqc                                            [DEBUG  ]  No samples found: varscan2
[2023-01-06 18:00:59,523] multiqc                                            [DEBUG  ]  No samples found: bbmap
[2023-01-06 18:00:59,529] multiqc                                            [DEBUG  ]  No samples found: bismark
[2023-01-06 18:00:59,536] multiqc                                            [DEBUG  ]  No samples found: biscuit
[2023-01-06 18:00:59,542] multiqc                                            [DEBUG  ]  No samples found: hicexplorer
[2023-01-06 18:00:59,547] multiqc                                            [DEBUG  ]  No samples found: hicup
[2023-01-06 18:00:59,553] multiqc                                            [DEBUG  ]  No samples found: hicpro
[2023-01-06 18:00:59,560] multiqc                                            [DEBUG  ]  No samples found: salmon
[2023-01-06 18:00:59,565] multiqc                                            [DEBUG  ]  No samples found: kallisto
[2023-01-06 18:00:59,571] multiqc                                            [DEBUG  ]  No samples found: slamdunk
[2023-01-06 18:00:59,577] multiqc                                            [DEBUG  ]  No samples found: star
[2023-01-06 18:00:59,583] multiqc                                            [DEBUG  ]  No samples found: hisat2
[2023-01-06 18:00:59,589] multiqc                                            [DEBUG  ]  No samples found: tophat
[2023-01-06 18:00:59,595] multiqc                                            [DEBUG  ]  No samples found: bowtie2
[2023-01-06 18:00:59,601] multiqc                                            [DEBUG  ]  No samples found: bowtie1
[2023-01-06 18:00:59,607] multiqc                                            [DEBUG  ]  No samples found: snpsplit
[2023-01-06 18:00:59,613] multiqc                                            [DEBUG  ]  No samples found: kat
[2023-01-06 18:00:59,618] multiqc                                            [DEBUG  ]  No samples found: leehom
[2023-01-06 18:00:59,624] multiqc                                            [DEBUG  ]  No samples found: adapterRemoval
[2023-01-06 18:00:59,630] multiqc                                            [DEBUG  ]  No samples found: clipandmerge
[2023-01-06 18:00:59,636] multiqc                                            [DEBUG  ]  No samples found: cutadapt
[2023-01-06 18:00:59,642] multiqc                                            [DEBUG  ]  No samples found: flexbar
[2023-01-06 18:00:59,647] multiqc                                            [DEBUG  ]  No samples found: kaiju
[2023-01-06 18:00:59,653] multiqc                                            [DEBUG  ]  No samples found: kraken
[2023-01-06 18:00:59,659] multiqc                                            [DEBUG  ]  No samples found: malt
[2023-01-06 18:00:59,665] multiqc                                            [DEBUG  ]  No samples found: trimmomatic
[2023-01-06 18:00:59,671] multiqc                                            [DEBUG  ]  No samples found: sickle
[2023-01-06 18:00:59,677] multiqc                                            [DEBUG  ]  No samples found: skewer
[2023-01-06 18:00:59,682] multiqc                                            [DEBUG  ]  No samples found: sortmerna
[2023-01-06 18:00:59,688] multiqc                                            [DEBUG  ]  No samples found: biobloomtools
[2023-01-06 18:00:59,694] multiqc                                            [DEBUG  ]  No samples found: fastq_screen
[2023-01-06 18:00:59,700] multiqc                                            [DEBUG  ]  No samples found: afterqc
[2023-01-06 18:00:59,706] multiqc                                            [DEBUG  ]  No samples found: fastp
[2023-01-06 18:00:59,790] multiqc.modules.fastqc.fastqc                      [INFO   ]  Found 2 reports
[2023-01-06 18:00:59,923] multiqc                                            [DEBUG  ]  No samples found: pycoqc
[2023-01-06 18:00:59,929] multiqc                                            [DEBUG  ]  No samples found: minionqc
[2023-01-06 18:00:59,935] multiqc                                            [DEBUG  ]  No samples found: multivcfanalyzer
[2023-01-06 18:00:59,941] multiqc                                            [DEBUG  ]  No samples found: clusterflow
[2023-01-06 18:00:59,947] multiqc                                            [DEBUG  ]  No samples found: bcl2fastq
[2023-01-06 18:00:59,953] multiqc                                            [DEBUG  ]  No samples found: interop
[2023-01-06 18:00:59,958] multiqc                                            [DEBUG  ]  No samples found: ivar
[2023-01-06 18:00:59,964] multiqc                                            [DEBUG  ]  No samples found: flash
[2023-01-06 18:00:59,970] multiqc                                            [DEBUG  ]  No samples found: seqyclean
[2023-01-06 18:00:59,977] multiqc                                            [INFO   ]  Compressing plot data
[2023-01-06 18:01:00,042] multiqc                                            [WARNING]  Previous MultiQC output found! Adjusting filenames..
[2023-01-06 18:01:00,042] multiqc                                            [WARNING]  Use -f or --force to overwrite existing reports instead
[2023-01-06 18:01:00,042] multiqc                                            [INFO   ]  Report      : results/quality_reports/multiqc_clean_reads/multiqc_report_4.html
[2023-01-06 18:01:00,042] multiqc                                            [INFO   ]  Data        : results/quality_reports/multiqc_clean_reads/multiqc_data_4
[2023-01-06 18:01:00,042] multiqc                                            [DEBUG  ]  Moving data file from '/tmp/tmp8s4yvm3b/multiqc_data' to 'results/quality_reports/multiqc_clean_reads/multiqc_data_4'
[2023-01-06 18:01:00,219] multiqc                                            [INFO   ]  MultiQC complete
