[2023-01-06 13:47:47,348] multiqc                                            [DEBUG  ]  No MultiQC config found: /opt/apps/qiime2/conda/lib/python3.7/site-packages/multiqc_config.yaml
[2023-01-06 13:47:47,348] multiqc                                            [DEBUG  ]  No MultiQC config found: /home/fkebaso/.multiqc_config.yaml
[2023-01-06 13:47:47,348] multiqc                                            [DEBUG  ]  No MultiQC config found: multiqc_config.yaml
[2023-01-06 13:47:47,348] multiqc                                            [DEBUG  ]  Command used: /opt/apps/qiime2/conda/bin/multiqc -o results/quality_reports/multiqc_clean_reads results/quality_reports/quality_clean_reads
[2023-01-06 13:47:49,477] multiqc                                            [WARNING]  MultiQC Version v1.13 now available!
[2023-01-06 13:47:49,477] multiqc                                            [INFO   ]  This is MultiQC v1.9
[2023-01-06 13:47:49,477] multiqc                                            [DEBUG  ]  Command     : /opt/apps/qiime2/conda/bin/multiqc -o results/quality_reports/multiqc_clean_reads results/quality_reports/quality_clean_reads
[2023-01-06 13:47:49,477] multiqc                                            [DEBUG  ]  Working dir : /scratch/fkebaso/hippo/hvariegata
[2023-01-06 13:47:49,477] multiqc                                            [INFO   ]  Template    : default
[2023-01-06 13:47:49,477] multiqc                                            [DEBUG  ]  Running Python 3.7.12 | packaged by conda-forge | (default, Oct 26 2021, 06:08:21)  [GCC 9.4.0]
[2023-01-06 13:47:49,478] multiqc                                            [INFO   ]  Searching   : /scratch/fkebaso/hippo/hvariegata/results/quality_reports/quality_clean_reads
[2023-01-06 13:47:49,478] multiqc                                            [DEBUG  ]  Analysing modules: custom_content, conpair, peddy, somalier, methylQA, mosdepth, phantompeakqualtools, qualimap, preseq, quast, qorts, rna_seqc, rockhopper, rsem, rseqc, busco, goleft_indexcov, disambiguate, supernova, deeptools, sargasso, verifybamid, mirtrace, happy, mirtop, homer, macs2, theta2, snpeff, gatk, htseq, bcftools, featureCounts, fgbio, dragen, dedup, damageprofiler, biobambam2, mtnucratio, picard, prokka, samblaster, samtools, sexdeterrmine, bamtools, jellyfish, vcftools, longranger, stacks, varscan2, bbmap, bismark, biscuit, hicexplorer, hicup, hicpro, salmon, kallisto, slamdunk, star, hisat2, tophat, bowtie2, bowtie1, snpsplit, kat, leehom, adapterRemoval, clipandmerge, cutadapt, flexbar, kaiju, kraken, malt, trimmomatic, sickle, skewer, sortmerna, biobloomtools, fastq_screen, afterqc, fastp, fastqc, pycoqc, minionqc, multivcfanalyzer, clusterflow, bcl2fastq, interop, ivar, flash, seqyclean
[2023-01-06 13:47:49,479] multiqc                                            [DEBUG  ]  Using temporary directory for creating report: /tmp/tmpcowvnddg
[2023-01-06 13:47:49,709] multiqc                                            [DEBUG  ]  File ignored by hicexplorer because it exceeded search pattern filesize limit: S1-Hvariegata-F.R2_val_2_fastqc.html
[2023-01-06 13:47:49,713] multiqc                                            [DEBUG  ]  File ignored by longranger/invocation because it exceeded search pattern filesize limit: S1-Hvariegata-F.R2_val_2_fastqc.html
[2023-01-06 13:47:49,713] multiqc                                            [DEBUG  ]  File ignored by rockhopper because it exceeded search pattern filesize limit: S1-Hvariegata-F.R2_val_2_fastqc.html
[2023-01-06 13:47:49,713] multiqc                                            [DEBUG  ]  File ignored by rseqc/bam_stat because it exceeded search pattern filesize limit: S1-Hvariegata-F.R2_val_2_fastqc.html
[2023-01-06 13:47:49,713] multiqc                                            [DEBUG  ]  File ignored by rseqc/junction_annotation because it exceeded search pattern filesize limit: S1-Hvariegata-F.R2_val_2_fastqc.html
[2023-01-06 13:47:49,713] multiqc                                            [DEBUG  ]  File ignored by rseqc/read_distribution because it exceeded search pattern filesize limit: S1-Hvariegata-F.R2_val_2_fastqc.html
[2023-01-06 13:47:49,713] multiqc                                            [DEBUG  ]  File ignored by rseqc/infer_experiment because it exceeded search pattern filesize limit: S1-Hvariegata-F.R2_val_2_fastqc.html
[2023-01-06 13:47:49,829] multiqc                                            [DEBUG  ]  File ignored by hicexplorer because it exceeded search pattern filesize limit: S1-Hvariegata-F.R1_val_1_fastqc.html
[2023-01-06 13:47:49,832] multiqc                                            [DEBUG  ]  File ignored by longranger/invocation because it exceeded search pattern filesize limit: S1-Hvariegata-F.R1_val_1_fastqc.html
[2023-01-06 13:47:49,832] multiqc                                            [DEBUG  ]  File ignored by rockhopper because it exceeded search pattern filesize limit: S1-Hvariegata-F.R1_val_1_fastqc.html
[2023-01-06 13:47:49,832] multiqc                                            [DEBUG  ]  File ignored by rseqc/bam_stat because it exceeded search pattern filesize limit: S1-Hvariegata-F.R1_val_1_fastqc.html
[2023-01-06 13:47:49,832] multiqc                                            [DEBUG  ]  File ignored by rseqc/junction_annotation because it exceeded search pattern filesize limit: S1-Hvariegata-F.R1_val_1_fastqc.html
[2023-01-06 13:47:49,832] multiqc                                            [DEBUG  ]  File ignored by rseqc/read_distribution because it exceeded search pattern filesize limit: S1-Hvariegata-F.R1_val_1_fastqc.html
[2023-01-06 13:47:49,832] multiqc                                            [DEBUG  ]  File ignored by rseqc/infer_experiment because it exceeded search pattern filesize limit: S1-Hvariegata-F.R1_val_1_fastqc.html
[2023-01-06 13:47:50,314] multiqc.plots.bargraph                             [DEBUG  ]  Using matplotlib version 3.2.2
[2023-01-06 13:47:50,315] multiqc.plots.linegraph                            [DEBUG  ]  Using matplotlib version 3.2.2
[2023-01-06 13:47:50,317] multiqc                                            [DEBUG  ]  No samples found: custom_content
[2023-01-06 13:47:50,325] multiqc                                            [DEBUG  ]  No samples found: conpair
[2023-01-06 13:47:50,332] multiqc                                            [DEBUG  ]  No samples found: peddy
[2023-01-06 13:47:50,339] multiqc                                            [DEBUG  ]  No samples found: somalier
[2023-01-06 13:47:50,346] multiqc                                            [DEBUG  ]  No samples found: methylQA
[2023-01-06 13:47:50,353] multiqc                                            [DEBUG  ]  No samples found: mosdepth
[2023-01-06 13:47:50,360] multiqc                                            [DEBUG  ]  No samples found: phantompeakqualtools
[2023-01-06 13:47:50,367] multiqc                                            [DEBUG  ]  No samples found: qualimap
[2023-01-06 13:47:50,374] multiqc                                            [DEBUG  ]  No samples found: preseq
[2023-01-06 13:47:50,381] multiqc                                            [DEBUG  ]  No samples found: quast
[2023-01-06 13:47:50,388] multiqc                                            [DEBUG  ]  No samples found: qorts
[2023-01-06 13:47:50,395] multiqc                                            [DEBUG  ]  No samples found: rna_seqc
[2023-01-06 13:47:50,401] multiqc                                            [DEBUG  ]  No samples found: rockhopper
[2023-01-06 13:47:50,408] multiqc                                            [DEBUG  ]  No samples found: rsem
[2023-01-06 13:47:50,417] multiqc                                            [DEBUG  ]  No samples found: rseqc
[2023-01-06 13:47:50,424] multiqc                                            [DEBUG  ]  No samples found: busco
[2023-01-06 13:47:50,431] multiqc                                            [DEBUG  ]  No samples found: goleft_indexcov
[2023-01-06 13:47:50,438] multiqc                                            [DEBUG  ]  No samples found: disambiguate
[2023-01-06 13:47:50,444] multiqc                                            [DEBUG  ]  No samples found: supernova
[2023-01-06 13:47:50,453] multiqc                                            [DEBUG  ]  No samples found: deeptools
[2023-01-06 13:47:50,459] multiqc                                            [DEBUG  ]  No samples found: sargasso
[2023-01-06 13:47:50,466] multiqc                                            [DEBUG  ]  No samples found: verifybamid
[2023-01-06 13:47:50,473] multiqc                                            [DEBUG  ]  No samples found: mirtrace
[2023-01-06 13:47:50,479] multiqc                                            [DEBUG  ]  No samples found: happy
[2023-01-06 13:47:50,486] multiqc                                            [DEBUG  ]  No samples found: mirtop
[2023-01-06 13:47:50,493] multiqc                                            [DEBUG  ]  No samples found: homer
[2023-01-06 13:47:50,499] multiqc                                            [DEBUG  ]  No samples found: macs2
[2023-01-06 13:47:50,505] multiqc                                            [DEBUG  ]  No samples found: theta2
[2023-01-06 13:47:50,511] multiqc                                            [DEBUG  ]  No samples found: snpeff
[2023-01-06 13:47:50,518] multiqc                                            [DEBUG  ]  No samples found: gatk
[2023-01-06 13:47:50,524] multiqc                                            [DEBUG  ]  No samples found: htseq
[2023-01-06 13:47:50,530] multiqc                                            [DEBUG  ]  No samples found: bcftools
[2023-01-06 13:47:50,536] multiqc                                            [DEBUG  ]  No samples found: featureCounts
[2023-01-06 13:47:50,543] multiqc                                            [DEBUG  ]  No samples found: fgbio
[2023-01-06 13:47:50,552] multiqc                                            [DEBUG  ]  No samples found: dragen
[2023-01-06 13:47:50,558] multiqc                                            [DEBUG  ]  No samples found: dedup
[2023-01-06 13:47:50,564] multiqc                                            [DEBUG  ]  No samples found: damageprofiler
[2023-01-06 13:47:50,576] multiqc                                            [DEBUG  ]  No samples found: biobambam2
[2023-01-06 13:47:50,583] multiqc                                            [DEBUG  ]  No samples found: mtnucratio
[2023-01-06 13:47:50,588] multiqc                                            [DEBUG  ]  No samples found: picard
[2023-01-06 13:47:50,595] multiqc                                            [DEBUG  ]  No samples found: prokka
[2023-01-06 13:47:50,602] multiqc                                            [DEBUG  ]  No samples found: samblaster
[2023-01-06 13:47:50,610] multiqc                                            [DEBUG  ]  No samples found: samtools
[2023-01-06 13:47:50,617] multiqc                                            [DEBUG  ]  No samples found: sexdeterrmine
[2023-01-06 13:47:50,627] multiqc                                            [DEBUG  ]  No samples found: bamtools
[2023-01-06 13:47:50,634] multiqc                                            [DEBUG  ]  No samples found: jellyfish
[2023-01-06 13:47:50,642] multiqc                                            [DEBUG  ]  No samples found: vcftools
[2023-01-06 13:47:50,649] multiqc                                            [DEBUG  ]  No samples found: longranger
[2023-01-06 13:47:50,655] multiqc                                            [DEBUG  ]  No samples found: stacks
[2023-01-06 13:47:50,662] multiqc                                            [DEBUG  ]  No samples found: varscan2
[2023-01-06 13:47:50,672] multiqc                                            [DEBUG  ]  No samples found: bbmap
[2023-01-06 13:47:50,679] multiqc                                            [DEBUG  ]  No samples found: bismark
[2023-01-06 13:47:50,687] multiqc                                            [DEBUG  ]  No samples found: biscuit
[2023-01-06 13:47:50,694] multiqc                                            [DEBUG  ]  No samples found: hicexplorer
[2023-01-06 13:47:50,700] multiqc                                            [DEBUG  ]  No samples found: hicup
[2023-01-06 13:47:50,707] multiqc                                            [DEBUG  ]  No samples found: hicpro
[2023-01-06 13:47:50,714] multiqc                                            [DEBUG  ]  No samples found: salmon
[2023-01-06 13:47:50,721] multiqc                                            [DEBUG  ]  No samples found: kallisto
[2023-01-06 13:47:50,728] multiqc                                            [DEBUG  ]  No samples found: slamdunk
[2023-01-06 13:47:50,735] multiqc                                            [DEBUG  ]  No samples found: star
[2023-01-06 13:47:50,741] multiqc                                            [DEBUG  ]  No samples found: hisat2
[2023-01-06 13:47:50,747] multiqc                                            [DEBUG  ]  No samples found: tophat
[2023-01-06 13:47:50,753] multiqc                                            [DEBUG  ]  No samples found: bowtie2
[2023-01-06 13:47:50,759] multiqc                                            [DEBUG  ]  No samples found: bowtie1
[2023-01-06 13:47:50,765] multiqc                                            [DEBUG  ]  No samples found: snpsplit
[2023-01-06 13:47:50,771] multiqc                                            [DEBUG  ]  No samples found: kat
[2023-01-06 13:47:50,777] multiqc                                            [DEBUG  ]  No samples found: leehom
[2023-01-06 13:47:50,784] multiqc                                            [DEBUG  ]  No samples found: adapterRemoval
[2023-01-06 13:47:50,791] multiqc                                            [DEBUG  ]  No samples found: clipandmerge
[2023-01-06 13:47:50,797] multiqc                                            [DEBUG  ]  No samples found: cutadapt
[2023-01-06 13:47:50,804] multiqc                                            [DEBUG  ]  No samples found: flexbar
[2023-01-06 13:47:50,810] multiqc                                            [DEBUG  ]  No samples found: kaiju
[2023-01-06 13:47:50,817] multiqc                                            [DEBUG  ]  No samples found: kraken
[2023-01-06 13:47:50,824] multiqc                                            [DEBUG  ]  No samples found: malt
[2023-01-06 13:47:50,831] multiqc                                            [DEBUG  ]  No samples found: trimmomatic
[2023-01-06 13:47:50,837] multiqc                                            [DEBUG  ]  No samples found: sickle
[2023-01-06 13:47:50,844] multiqc                                            [DEBUG  ]  No samples found: skewer
[2023-01-06 13:47:50,851] multiqc                                            [DEBUG  ]  No samples found: sortmerna
[2023-01-06 13:47:50,858] multiqc                                            [DEBUG  ]  No samples found: biobloomtools
[2023-01-06 13:47:50,865] multiqc                                            [DEBUG  ]  No samples found: fastq_screen
[2023-01-06 13:47:50,871] multiqc                                            [DEBUG  ]  No samples found: afterqc
[2023-01-06 13:47:50,878] multiqc                                            [DEBUG  ]  No samples found: fastp
[2023-01-06 13:47:50,961] multiqc.modules.fastqc.fastqc                      [INFO   ]  Found 2 reports
[2023-01-06 13:47:51,094] multiqc                                            [DEBUG  ]  No samples found: pycoqc
[2023-01-06 13:47:51,100] multiqc                                            [DEBUG  ]  No samples found: minionqc
[2023-01-06 13:47:51,107] multiqc                                            [DEBUG  ]  No samples found: multivcfanalyzer
[2023-01-06 13:47:51,114] multiqc                                            [DEBUG  ]  No samples found: clusterflow
[2023-01-06 13:47:51,121] multiqc                                            [DEBUG  ]  No samples found: bcl2fastq
[2023-01-06 13:47:51,128] multiqc                                            [DEBUG  ]  No samples found: interop
[2023-01-06 13:47:51,134] multiqc                                            [DEBUG  ]  No samples found: ivar
[2023-01-06 13:47:51,140] multiqc                                            [DEBUG  ]  No samples found: flash
[2023-01-06 13:47:51,146] multiqc                                            [DEBUG  ]  No samples found: seqyclean
[2023-01-06 13:47:51,153] multiqc                                            [INFO   ]  Compressing plot data
[2023-01-06 13:47:51,220] multiqc                                            [INFO   ]  Report      : results/quality_reports/multiqc_clean_reads/multiqc_report.html
[2023-01-06 13:47:51,220] multiqc                                            [INFO   ]  Data        : results/quality_reports/multiqc_clean_reads/multiqc_data
[2023-01-06 13:47:51,220] multiqc                                            [DEBUG  ]  Moving data file from '/tmp/tmpcowvnddg/multiqc_data' to 'results/quality_reports/multiqc_clean_reads/multiqc_data'
[2023-01-06 13:47:51,417] multiqc                                            [INFO   ]  MultiQC complete
