[2023-01-06 16:55:09,670] multiqc                                            [DEBUG  ]  No MultiQC config found: /opt/apps/qiime2/conda/lib/python3.7/site-packages/multiqc_config.yaml
[2023-01-06 16:55:09,670] multiqc                                            [DEBUG  ]  No MultiQC config found: /home/fkebaso/.multiqc_config.yaml
[2023-01-06 16:55:09,670] multiqc                                            [DEBUG  ]  No MultiQC config found: multiqc_config.yaml
[2023-01-06 16:55:09,670] multiqc                                            [DEBUG  ]  Command used: /opt/apps/qiime2/conda/bin/multiqc -o results/quality_reports/multiqc_clean_reads results/quality_reports/quality_clean_reads
[2023-01-06 16:55:11,084] multiqc                                            [WARNING]  MultiQC Version v1.13 now available!
[2023-01-06 16:55:11,085] multiqc                                            [INFO   ]  This is MultiQC v1.9
[2023-01-06 16:55:11,085] multiqc                                            [DEBUG  ]  Command     : /opt/apps/qiime2/conda/bin/multiqc -o results/quality_reports/multiqc_clean_reads results/quality_reports/quality_clean_reads
[2023-01-06 16:55:11,085] multiqc                                            [DEBUG  ]  Working dir : /scratch/fkebaso/hippo/hvariegata
[2023-01-06 16:55:11,085] multiqc                                            [INFO   ]  Template    : default
[2023-01-06 16:55:11,086] multiqc                                            [DEBUG  ]  Running Python 3.7.12 | packaged by conda-forge | (default, Oct 26 2021, 06:08:21)  [GCC 9.4.0]
[2023-01-06 16:55:11,086] multiqc                                            [INFO   ]  Searching   : /scratch/fkebaso/hippo/hvariegata/results/quality_reports/quality_clean_reads
[2023-01-06 16:55:11,087] multiqc                                            [DEBUG  ]  Analysing modules: custom_content, conpair, peddy, somalier, methylQA, mosdepth, phantompeakqualtools, qualimap, preseq, quast, qorts, rna_seqc, rockhopper, rsem, rseqc, busco, goleft_indexcov, disambiguate, supernova, deeptools, sargasso, verifybamid, mirtrace, happy, mirtop, homer, macs2, theta2, snpeff, gatk, htseq, bcftools, featureCounts, fgbio, dragen, dedup, damageprofiler, biobambam2, mtnucratio, picard, prokka, samblaster, samtools, sexdeterrmine, bamtools, jellyfish, vcftools, longranger, stacks, varscan2, bbmap, bismark, biscuit, hicexplorer, hicup, hicpro, salmon, kallisto, slamdunk, star, hisat2, tophat, bowtie2, bowtie1, snpsplit, kat, leehom, adapterRemoval, clipandmerge, cutadapt, flexbar, kaiju, kraken, malt, trimmomatic, sickle, skewer, sortmerna, biobloomtools, fastq_screen, afterqc, fastp, fastqc, pycoqc, minionqc, multivcfanalyzer, clusterflow, bcl2fastq, interop, ivar, flash, seqyclean
[2023-01-06 16:55:11,087] multiqc                                            [DEBUG  ]  Using temporary directory for creating report: /tmp/tmpm8o7xkpw
[2023-01-06 16:55:11,334] multiqc                                            [DEBUG  ]  File ignored by hicexplorer because it exceeded search pattern filesize limit: S1-Hvariegata-F.R2_val_2_fastqc.html
[2023-01-06 16:55:11,337] multiqc                                            [DEBUG  ]  File ignored by longranger/invocation because it exceeded search pattern filesize limit: S1-Hvariegata-F.R2_val_2_fastqc.html
[2023-01-06 16:55:11,338] multiqc                                            [DEBUG  ]  File ignored by rockhopper because it exceeded search pattern filesize limit: S1-Hvariegata-F.R2_val_2_fastqc.html
[2023-01-06 16:55:11,338] multiqc                                            [DEBUG  ]  File ignored by rseqc/bam_stat because it exceeded search pattern filesize limit: S1-Hvariegata-F.R2_val_2_fastqc.html
[2023-01-06 16:55:11,338] multiqc                                            [DEBUG  ]  File ignored by rseqc/junction_annotation because it exceeded search pattern filesize limit: S1-Hvariegata-F.R2_val_2_fastqc.html
[2023-01-06 16:55:11,338] multiqc                                            [DEBUG  ]  File ignored by rseqc/read_distribution because it exceeded search pattern filesize limit: S1-Hvariegata-F.R2_val_2_fastqc.html
[2023-01-06 16:55:11,338] multiqc                                            [DEBUG  ]  File ignored by rseqc/infer_experiment because it exceeded search pattern filesize limit: S1-Hvariegata-F.R2_val_2_fastqc.html
[2023-01-06 16:55:11,447] multiqc                                            [DEBUG  ]  File ignored by hicexplorer because it exceeded search pattern filesize limit: S1-Hvariegata-F.R1_val_1_fastqc.html
[2023-01-06 16:55:11,450] multiqc                                            [DEBUG  ]  File ignored by longranger/invocation because it exceeded search pattern filesize limit: S1-Hvariegata-F.R1_val_1_fastqc.html
[2023-01-06 16:55:11,450] multiqc                                            [DEBUG  ]  File ignored by rockhopper because it exceeded search pattern filesize limit: S1-Hvariegata-F.R1_val_1_fastqc.html
[2023-01-06 16:55:11,450] multiqc                                            [DEBUG  ]  File ignored by rseqc/bam_stat because it exceeded search pattern filesize limit: S1-Hvariegata-F.R1_val_1_fastqc.html
[2023-01-06 16:55:11,450] multiqc                                            [DEBUG  ]  File ignored by rseqc/junction_annotation because it exceeded search pattern filesize limit: S1-Hvariegata-F.R1_val_1_fastqc.html
[2023-01-06 16:55:11,450] multiqc                                            [DEBUG  ]  File ignored by rseqc/read_distribution because it exceeded search pattern filesize limit: S1-Hvariegata-F.R1_val_1_fastqc.html
[2023-01-06 16:55:11,450] multiqc                                            [DEBUG  ]  File ignored by rseqc/infer_experiment because it exceeded search pattern filesize limit: S1-Hvariegata-F.R1_val_1_fastqc.html
[2023-01-06 16:55:11,884] multiqc.plots.bargraph                             [DEBUG  ]  Using matplotlib version 3.2.2
[2023-01-06 16:55:11,885] multiqc.plots.linegraph                            [DEBUG  ]  Using matplotlib version 3.2.2
[2023-01-06 16:55:11,886] multiqc                                            [DEBUG  ]  No samples found: custom_content
[2023-01-06 16:55:11,893] multiqc                                            [DEBUG  ]  No samples found: conpair
[2023-01-06 16:55:11,899] multiqc                                            [DEBUG  ]  No samples found: peddy
[2023-01-06 16:55:11,905] multiqc                                            [DEBUG  ]  No samples found: somalier
[2023-01-06 16:55:11,911] multiqc                                            [DEBUG  ]  No samples found: methylQA
[2023-01-06 16:55:11,918] multiqc                                            [DEBUG  ]  No samples found: mosdepth
[2023-01-06 16:55:11,924] multiqc                                            [DEBUG  ]  No samples found: phantompeakqualtools
[2023-01-06 16:55:11,930] multiqc                                            [DEBUG  ]  No samples found: qualimap
[2023-01-06 16:55:11,936] multiqc                                            [DEBUG  ]  No samples found: preseq
[2023-01-06 16:55:11,942] multiqc                                            [DEBUG  ]  No samples found: quast
[2023-01-06 16:55:11,948] multiqc                                            [DEBUG  ]  No samples found: qorts
[2023-01-06 16:55:11,954] multiqc                                            [DEBUG  ]  No samples found: rna_seqc
[2023-01-06 16:55:11,960] multiqc                                            [DEBUG  ]  No samples found: rockhopper
[2023-01-06 16:55:11,966] multiqc                                            [DEBUG  ]  No samples found: rsem
[2023-01-06 16:55:11,974] multiqc                                            [DEBUG  ]  No samples found: rseqc
[2023-01-06 16:55:11,980] multiqc                                            [DEBUG  ]  No samples found: busco
[2023-01-06 16:55:11,986] multiqc                                            [DEBUG  ]  No samples found: goleft_indexcov
[2023-01-06 16:55:11,991] multiqc                                            [DEBUG  ]  No samples found: disambiguate
[2023-01-06 16:55:11,997] multiqc                                            [DEBUG  ]  No samples found: supernova
[2023-01-06 16:55:12,006] multiqc                                            [DEBUG  ]  No samples found: deeptools
[2023-01-06 16:55:12,012] multiqc                                            [DEBUG  ]  No samples found: sargasso
[2023-01-06 16:55:12,018] multiqc                                            [DEBUG  ]  No samples found: verifybamid
[2023-01-06 16:55:12,024] multiqc                                            [DEBUG  ]  No samples found: mirtrace
[2023-01-06 16:55:12,029] multiqc                                            [DEBUG  ]  No samples found: happy
[2023-01-06 16:55:12,035] multiqc                                            [DEBUG  ]  No samples found: mirtop
[2023-01-06 16:55:12,042] multiqc                                            [DEBUG  ]  No samples found: homer
[2023-01-06 16:55:12,048] multiqc                                            [DEBUG  ]  No samples found: macs2
[2023-01-06 16:55:12,054] multiqc                                            [DEBUG  ]  No samples found: theta2
[2023-01-06 16:55:12,060] multiqc                                            [DEBUG  ]  No samples found: snpeff
[2023-01-06 16:55:12,066] multiqc                                            [DEBUG  ]  No samples found: gatk
[2023-01-06 16:55:12,072] multiqc                                            [DEBUG  ]  No samples found: htseq
[2023-01-06 16:55:12,078] multiqc                                            [DEBUG  ]  No samples found: bcftools
[2023-01-06 16:55:12,084] multiqc                                            [DEBUG  ]  No samples found: featureCounts
[2023-01-06 16:55:12,091] multiqc                                            [DEBUG  ]  No samples found: fgbio
[2023-01-06 16:55:12,099] multiqc                                            [DEBUG  ]  No samples found: dragen
[2023-01-06 16:55:12,105] multiqc                                            [DEBUG  ]  No samples found: dedup
[2023-01-06 16:55:12,111] multiqc                                            [DEBUG  ]  No samples found: damageprofiler
[2023-01-06 16:55:12,121] multiqc                                            [DEBUG  ]  No samples found: biobambam2
[2023-01-06 16:55:12,128] multiqc                                            [DEBUG  ]  No samples found: mtnucratio
[2023-01-06 16:55:12,133] multiqc                                            [DEBUG  ]  No samples found: picard
[2023-01-06 16:55:12,139] multiqc                                            [DEBUG  ]  No samples found: prokka
[2023-01-06 16:55:12,145] multiqc                                            [DEBUG  ]  No samples found: samblaster
[2023-01-06 16:55:12,152] multiqc                                            [DEBUG  ]  No samples found: samtools
[2023-01-06 16:55:12,159] multiqc                                            [DEBUG  ]  No samples found: sexdeterrmine
[2023-01-06 16:55:12,166] multiqc                                            [DEBUG  ]  No samples found: bamtools
[2023-01-06 16:55:12,171] multiqc                                            [DEBUG  ]  No samples found: jellyfish
[2023-01-06 16:55:12,178] multiqc                                            [DEBUG  ]  No samples found: vcftools
[2023-01-06 16:55:12,184] multiqc                                            [DEBUG  ]  No samples found: longranger
[2023-01-06 16:55:12,190] multiqc                                            [DEBUG  ]  No samples found: stacks
[2023-01-06 16:55:12,196] multiqc                                            [DEBUG  ]  No samples found: varscan2
[2023-01-06 16:55:12,204] multiqc                                            [DEBUG  ]  No samples found: bbmap
[2023-01-06 16:55:12,210] multiqc                                            [DEBUG  ]  No samples found: bismark
[2023-01-06 16:55:12,216] multiqc                                            [DEBUG  ]  No samples found: biscuit
[2023-01-06 16:55:12,222] multiqc                                            [DEBUG  ]  No samples found: hicexplorer
[2023-01-06 16:55:12,228] multiqc                                            [DEBUG  ]  No samples found: hicup
[2023-01-06 16:55:12,234] multiqc                                            [DEBUG  ]  No samples found: hicpro
[2023-01-06 16:55:12,240] multiqc                                            [DEBUG  ]  No samples found: salmon
[2023-01-06 16:55:12,246] multiqc                                            [DEBUG  ]  No samples found: kallisto
[2023-01-06 16:55:12,252] multiqc                                            [DEBUG  ]  No samples found: slamdunk
[2023-01-06 16:55:12,258] multiqc                                            [DEBUG  ]  No samples found: star
[2023-01-06 16:55:12,263] multiqc                                            [DEBUG  ]  No samples found: hisat2
[2023-01-06 16:55:12,269] multiqc                                            [DEBUG  ]  No samples found: tophat
[2023-01-06 16:55:12,275] multiqc                                            [DEBUG  ]  No samples found: bowtie2
[2023-01-06 16:55:12,281] multiqc                                            [DEBUG  ]  No samples found: bowtie1
[2023-01-06 16:55:12,287] multiqc                                            [DEBUG  ]  No samples found: snpsplit
[2023-01-06 16:55:12,292] multiqc                                            [DEBUG  ]  No samples found: kat
[2023-01-06 16:55:12,298] multiqc                                            [DEBUG  ]  No samples found: leehom
[2023-01-06 16:55:12,304] multiqc                                            [DEBUG  ]  No samples found: adapterRemoval
[2023-01-06 16:55:12,310] multiqc                                            [DEBUG  ]  No samples found: clipandmerge
[2023-01-06 16:55:12,316] multiqc                                            [DEBUG  ]  No samples found: cutadapt
[2023-01-06 16:55:12,321] multiqc                                            [DEBUG  ]  No samples found: flexbar
[2023-01-06 16:55:12,327] multiqc                                            [DEBUG  ]  No samples found: kaiju
[2023-01-06 16:55:12,333] multiqc                                            [DEBUG  ]  No samples found: kraken
[2023-01-06 16:55:12,339] multiqc                                            [DEBUG  ]  No samples found: malt
[2023-01-06 16:55:12,345] multiqc                                            [DEBUG  ]  No samples found: trimmomatic
[2023-01-06 16:55:12,351] multiqc                                            [DEBUG  ]  No samples found: sickle
[2023-01-06 16:55:12,356] multiqc                                            [DEBUG  ]  No samples found: skewer
[2023-01-06 16:55:12,362] multiqc                                            [DEBUG  ]  No samples found: sortmerna
[2023-01-06 16:55:12,368] multiqc                                            [DEBUG  ]  No samples found: biobloomtools
[2023-01-06 16:55:12,374] multiqc                                            [DEBUG  ]  No samples found: fastq_screen
[2023-01-06 16:55:12,380] multiqc                                            [DEBUG  ]  No samples found: afterqc
[2023-01-06 16:55:12,386] multiqc                                            [DEBUG  ]  No samples found: fastp
[2023-01-06 16:55:12,471] multiqc.modules.fastqc.fastqc                      [INFO   ]  Found 2 reports
[2023-01-06 16:55:12,685] multiqc                                            [DEBUG  ]  No samples found: pycoqc
[2023-01-06 16:55:12,691] multiqc                                            [DEBUG  ]  No samples found: minionqc
[2023-01-06 16:55:12,697] multiqc                                            [DEBUG  ]  No samples found: multivcfanalyzer
[2023-01-06 16:55:12,703] multiqc                                            [DEBUG  ]  No samples found: clusterflow
[2023-01-06 16:55:12,709] multiqc                                            [DEBUG  ]  No samples found: bcl2fastq
[2023-01-06 16:55:12,715] multiqc                                            [DEBUG  ]  No samples found: interop
[2023-01-06 16:55:12,721] multiqc                                            [DEBUG  ]  No samples found: ivar
[2023-01-06 16:55:12,727] multiqc                                            [DEBUG  ]  No samples found: flash
[2023-01-06 16:55:12,733] multiqc                                            [DEBUG  ]  No samples found: seqyclean
[2023-01-06 16:55:12,740] multiqc                                            [INFO   ]  Compressing plot data
[2023-01-06 16:55:12,806] multiqc                                            [WARNING]  Previous MultiQC output found! Adjusting filenames..
[2023-01-06 16:55:12,806] multiqc                                            [WARNING]  Use -f or --force to overwrite existing reports instead
[2023-01-06 16:55:12,806] multiqc                                            [INFO   ]  Report      : results/quality_reports/multiqc_clean_reads/multiqc_report_3.html
[2023-01-06 16:55:12,806] multiqc                                            [INFO   ]  Data        : results/quality_reports/multiqc_clean_reads/multiqc_data_3
[2023-01-06 16:55:12,806] multiqc                                            [DEBUG  ]  Moving data file from '/tmp/tmpm8o7xkpw/multiqc_data' to 'results/quality_reports/multiqc_clean_reads/multiqc_data_3'
[2023-01-06 16:55:12,983] multiqc                                            [INFO   ]  MultiQC complete
