[2022-11-03 17:10:23,272] multiqc                                            [DEBUG  ]  No MultiQC config found: /opt/apps/qiime2/conda/lib/python3.7/site-packages/multiqc_config.yaml
[2022-11-03 17:10:23,272] multiqc                                            [DEBUG  ]  No MultiQC config found: /home/fkebaso/.multiqc_config.yaml
[2022-11-03 17:10:23,272] multiqc                                            [DEBUG  ]  No MultiQC config found: multiqc_config.yaml
[2022-11-03 17:10:23,272] multiqc                                            [DEBUG  ]  Command used: /opt/apps/qiime2/conda/bin/multiqc -o /home/fkebaso/Hippo/Results/multiqc_report /home/fkebaso/Hippo/Results/quality_reports
[2022-11-03 17:10:24,704] multiqc                                            [WARNING]  MultiQC Version v1.13 now available!
[2022-11-03 17:10:24,704] multiqc                                            [INFO   ]  This is MultiQC v1.9
[2022-11-03 17:10:24,704] multiqc                                            [DEBUG  ]  Command     : /opt/apps/qiime2/conda/bin/multiqc -o /home/fkebaso/Hippo/Results/multiqc_report /home/fkebaso/Hippo/Results/quality_reports
[2022-11-03 17:10:24,705] multiqc                                            [DEBUG  ]  Working dir : /home/fkebaso/Hippo
[2022-11-03 17:10:24,705] multiqc                                            [INFO   ]  Template    : default
[2022-11-03 17:10:24,705] multiqc                                            [DEBUG  ]  Running Python 3.7.12 | packaged by conda-forge | (default, Oct 26 2021, 06:08:21)  [GCC 9.4.0]
[2022-11-03 17:10:24,705] multiqc                                            [INFO   ]  Searching   : /home/fkebaso/Hippo/Results/quality_reports
[2022-11-03 17:10:24,706] multiqc                                            [DEBUG  ]  Analysing modules: custom_content, conpair, peddy, somalier, methylQA, mosdepth, phantompeakqualtools, qualimap, preseq, quast, qorts, rna_seqc, rockhopper, rsem, rseqc, busco, goleft_indexcov, disambiguate, supernova, deeptools, sargasso, verifybamid, mirtrace, happy, mirtop, homer, macs2, theta2, snpeff, gatk, htseq, bcftools, featureCounts, fgbio, dragen, dedup, damageprofiler, biobambam2, mtnucratio, picard, prokka, samblaster, samtools, sexdeterrmine, bamtools, jellyfish, vcftools, longranger, stacks, varscan2, bbmap, bismark, biscuit, hicexplorer, hicup, hicpro, salmon, kallisto, slamdunk, star, hisat2, tophat, bowtie2, bowtie1, snpsplit, kat, leehom, adapterRemoval, clipandmerge, cutadapt, flexbar, kaiju, kraken, malt, trimmomatic, sickle, skewer, sortmerna, biobloomtools, fastq_screen, afterqc, fastp, fastqc, pycoqc, minionqc, multivcfanalyzer, clusterflow, bcl2fastq, interop, ivar, flash, seqyclean
[2022-11-03 17:10:24,706] multiqc                                            [DEBUG  ]  Using temporary directory for creating report: /tmp/tmpxjew6x7_
[2022-11-03 17:10:25,103] multiqc                                            [DEBUG  ]  File ignored by hicexplorer because it exceeded search pattern filesize limit: S1-Hvariegata-F1_S1_L001_R1_001_fastqc.html
[2022-11-03 17:10:25,108] multiqc                                            [DEBUG  ]  File ignored by longranger/invocation because it exceeded search pattern filesize limit: S1-Hvariegata-F1_S1_L001_R1_001_fastqc.html
[2022-11-03 17:10:25,108] multiqc                                            [DEBUG  ]  File ignored by rockhopper because it exceeded search pattern filesize limit: S1-Hvariegata-F1_S1_L001_R1_001_fastqc.html
[2022-11-03 17:10:25,108] multiqc                                            [DEBUG  ]  File ignored by rseqc/bam_stat because it exceeded search pattern filesize limit: S1-Hvariegata-F1_S1_L001_R1_001_fastqc.html
[2022-11-03 17:10:25,108] multiqc                                            [DEBUG  ]  File ignored by rseqc/junction_annotation because it exceeded search pattern filesize limit: S1-Hvariegata-F1_S1_L001_R1_001_fastqc.html
[2022-11-03 17:10:25,108] multiqc                                            [DEBUG  ]  File ignored by rseqc/read_distribution because it exceeded search pattern filesize limit: S1-Hvariegata-F1_S1_L001_R1_001_fastqc.html
[2022-11-03 17:10:25,109] multiqc                                            [DEBUG  ]  File ignored by rseqc/infer_experiment because it exceeded search pattern filesize limit: S1-Hvariegata-F1_S1_L001_R1_001_fastqc.html
[2022-11-03 17:10:25,215] multiqc                                            [DEBUG  ]  File ignored by hicexplorer because it exceeded search pattern filesize limit: S1-Hvariegata-F1_S1_L001_R2_001_fastqc.html
[2022-11-03 17:10:25,217] multiqc                                            [DEBUG  ]  File ignored by longranger/invocation because it exceeded search pattern filesize limit: S1-Hvariegata-F1_S1_L001_R2_001_fastqc.html
[2022-11-03 17:10:25,217] multiqc                                            [DEBUG  ]  File ignored by rockhopper because it exceeded search pattern filesize limit: S1-Hvariegata-F1_S1_L001_R2_001_fastqc.html
[2022-11-03 17:10:25,217] multiqc                                            [DEBUG  ]  File ignored by rseqc/bam_stat because it exceeded search pattern filesize limit: S1-Hvariegata-F1_S1_L001_R2_001_fastqc.html
[2022-11-03 17:10:25,217] multiqc                                            [DEBUG  ]  File ignored by rseqc/junction_annotation because it exceeded search pattern filesize limit: S1-Hvariegata-F1_S1_L001_R2_001_fastqc.html
[2022-11-03 17:10:25,217] multiqc                                            [DEBUG  ]  File ignored by rseqc/read_distribution because it exceeded search pattern filesize limit: S1-Hvariegata-F1_S1_L001_R2_001_fastqc.html
[2022-11-03 17:10:25,217] multiqc                                            [DEBUG  ]  File ignored by rseqc/infer_experiment because it exceeded search pattern filesize limit: S1-Hvariegata-F1_S1_L001_R2_001_fastqc.html
[2022-11-03 17:10:25,327] multiqc                                            [DEBUG  ]  File ignored by hicexplorer because it exceeded search pattern filesize limit: S1-Hvariegata-F1_S1_L002_R1_001_fastqc.html
[2022-11-03 17:10:25,329] multiqc                                            [DEBUG  ]  File ignored by longranger/invocation because it exceeded search pattern filesize limit: S1-Hvariegata-F1_S1_L002_R1_001_fastqc.html
[2022-11-03 17:10:25,329] multiqc                                            [DEBUG  ]  File ignored by rockhopper because it exceeded search pattern filesize limit: S1-Hvariegata-F1_S1_L002_R1_001_fastqc.html
[2022-11-03 17:10:25,329] multiqc                                            [DEBUG  ]  File ignored by rseqc/bam_stat because it exceeded search pattern filesize limit: S1-Hvariegata-F1_S1_L002_R1_001_fastqc.html
[2022-11-03 17:10:25,330] multiqc                                            [DEBUG  ]  File ignored by rseqc/junction_annotation because it exceeded search pattern filesize limit: S1-Hvariegata-F1_S1_L002_R1_001_fastqc.html
[2022-11-03 17:10:25,330] multiqc                                            [DEBUG  ]  File ignored by rseqc/read_distribution because it exceeded search pattern filesize limit: S1-Hvariegata-F1_S1_L002_R1_001_fastqc.html
[2022-11-03 17:10:25,330] multiqc                                            [DEBUG  ]  File ignored by rseqc/infer_experiment because it exceeded search pattern filesize limit: S1-Hvariegata-F1_S1_L002_R1_001_fastqc.html
[2022-11-03 17:10:25,432] multiqc                                            [DEBUG  ]  File ignored by hicexplorer because it exceeded search pattern filesize limit: S1-Hvariegata-F1_S1_L002_R2_001_fastqc.html
[2022-11-03 17:10:25,435] multiqc                                            [DEBUG  ]  File ignored by longranger/invocation because it exceeded search pattern filesize limit: S1-Hvariegata-F1_S1_L002_R2_001_fastqc.html
[2022-11-03 17:10:25,435] multiqc                                            [DEBUG  ]  File ignored by rockhopper because it exceeded search pattern filesize limit: S1-Hvariegata-F1_S1_L002_R2_001_fastqc.html
[2022-11-03 17:10:25,435] multiqc                                            [DEBUG  ]  File ignored by rseqc/bam_stat because it exceeded search pattern filesize limit: S1-Hvariegata-F1_S1_L002_R2_001_fastqc.html
[2022-11-03 17:10:25,435] multiqc                                            [DEBUG  ]  File ignored by rseqc/junction_annotation because it exceeded search pattern filesize limit: S1-Hvariegata-F1_S1_L002_R2_001_fastqc.html
[2022-11-03 17:10:25,435] multiqc                                            [DEBUG  ]  File ignored by rseqc/read_distribution because it exceeded search pattern filesize limit: S1-Hvariegata-F1_S1_L002_R2_001_fastqc.html
[2022-11-03 17:10:25,435] multiqc                                            [DEBUG  ]  File ignored by rseqc/infer_experiment because it exceeded search pattern filesize limit: S1-Hvariegata-F1_S1_L002_R2_001_fastqc.html
[2022-11-03 17:10:25,542] multiqc                                            [DEBUG  ]  File ignored by hicexplorer because it exceeded search pattern filesize limit: S1-Hvariegata-F1_S1_L003_R1_001_fastqc.html
[2022-11-03 17:10:25,544] multiqc                                            [DEBUG  ]  File ignored by longranger/invocation because it exceeded search pattern filesize limit: S1-Hvariegata-F1_S1_L003_R1_001_fastqc.html
[2022-11-03 17:10:25,544] multiqc                                            [DEBUG  ]  File ignored by rockhopper because it exceeded search pattern filesize limit: S1-Hvariegata-F1_S1_L003_R1_001_fastqc.html
[2022-11-03 17:10:25,544] multiqc                                            [DEBUG  ]  File ignored by rseqc/bam_stat because it exceeded search pattern filesize limit: S1-Hvariegata-F1_S1_L003_R1_001_fastqc.html
[2022-11-03 17:10:25,544] multiqc                                            [DEBUG  ]  File ignored by rseqc/junction_annotation because it exceeded search pattern filesize limit: S1-Hvariegata-F1_S1_L003_R1_001_fastqc.html
[2022-11-03 17:10:25,545] multiqc                                            [DEBUG  ]  File ignored by rseqc/read_distribution because it exceeded search pattern filesize limit: S1-Hvariegata-F1_S1_L003_R1_001_fastqc.html
[2022-11-03 17:10:25,545] multiqc                                            [DEBUG  ]  File ignored by rseqc/infer_experiment because it exceeded search pattern filesize limit: S1-Hvariegata-F1_S1_L003_R1_001_fastqc.html
[2022-11-03 17:10:25,657] multiqc                                            [DEBUG  ]  File ignored by hicexplorer because it exceeded search pattern filesize limit: S1-Hvariegata-F1_S1_L003_R2_001_fastqc.html
[2022-11-03 17:10:25,659] multiqc                                            [DEBUG  ]  File ignored by longranger/invocation because it exceeded search pattern filesize limit: S1-Hvariegata-F1_S1_L003_R2_001_fastqc.html
[2022-11-03 17:10:25,659] multiqc                                            [DEBUG  ]  File ignored by rockhopper because it exceeded search pattern filesize limit: S1-Hvariegata-F1_S1_L003_R2_001_fastqc.html
[2022-11-03 17:10:25,659] multiqc                                            [DEBUG  ]  File ignored by rseqc/bam_stat because it exceeded search pattern filesize limit: S1-Hvariegata-F1_S1_L003_R2_001_fastqc.html
[2022-11-03 17:10:25,659] multiqc                                            [DEBUG  ]  File ignored by rseqc/junction_annotation because it exceeded search pattern filesize limit: S1-Hvariegata-F1_S1_L003_R2_001_fastqc.html
[2022-11-03 17:10:25,660] multiqc                                            [DEBUG  ]  File ignored by rseqc/read_distribution because it exceeded search pattern filesize limit: S1-Hvariegata-F1_S1_L003_R2_001_fastqc.html
[2022-11-03 17:10:25,660] multiqc                                            [DEBUG  ]  File ignored by rseqc/infer_experiment because it exceeded search pattern filesize limit: S1-Hvariegata-F1_S1_L003_R2_001_fastqc.html
[2022-11-03 17:10:25,764] multiqc                                            [DEBUG  ]  File ignored by hicexplorer because it exceeded search pattern filesize limit: S1-Hvariegata-F1_S1_L004_R1_001_fastqc.html
[2022-11-03 17:10:25,766] multiqc                                            [DEBUG  ]  File ignored by longranger/invocation because it exceeded search pattern filesize limit: S1-Hvariegata-F1_S1_L004_R1_001_fastqc.html
[2022-11-03 17:10:25,766] multiqc                                            [DEBUG  ]  File ignored by rockhopper because it exceeded search pattern filesize limit: S1-Hvariegata-F1_S1_L004_R1_001_fastqc.html
[2022-11-03 17:10:25,766] multiqc                                            [DEBUG  ]  File ignored by rseqc/bam_stat because it exceeded search pattern filesize limit: S1-Hvariegata-F1_S1_L004_R1_001_fastqc.html
[2022-11-03 17:10:25,766] multiqc                                            [DEBUG  ]  File ignored by rseqc/junction_annotation because it exceeded search pattern filesize limit: S1-Hvariegata-F1_S1_L004_R1_001_fastqc.html
[2022-11-03 17:10:25,767] multiqc                                            [DEBUG  ]  File ignored by rseqc/read_distribution because it exceeded search pattern filesize limit: S1-Hvariegata-F1_S1_L004_R1_001_fastqc.html
[2022-11-03 17:10:25,767] multiqc                                            [DEBUG  ]  File ignored by rseqc/infer_experiment because it exceeded search pattern filesize limit: S1-Hvariegata-F1_S1_L004_R1_001_fastqc.html
[2022-11-03 17:10:25,869] multiqc                                            [DEBUG  ]  File ignored by hicexplorer because it exceeded search pattern filesize limit: S1-Hvariegata-F1_S1_L004_R2_001_fastqc.html
[2022-11-03 17:10:25,871] multiqc                                            [DEBUG  ]  File ignored by longranger/invocation because it exceeded search pattern filesize limit: S1-Hvariegata-F1_S1_L004_R2_001_fastqc.html
[2022-11-03 17:10:25,871] multiqc                                            [DEBUG  ]  File ignored by rockhopper because it exceeded search pattern filesize limit: S1-Hvariegata-F1_S1_L004_R2_001_fastqc.html
[2022-11-03 17:10:25,871] multiqc                                            [DEBUG  ]  File ignored by rseqc/bam_stat because it exceeded search pattern filesize limit: S1-Hvariegata-F1_S1_L004_R2_001_fastqc.html
[2022-11-03 17:10:25,871] multiqc                                            [DEBUG  ]  File ignored by rseqc/junction_annotation because it exceeded search pattern filesize limit: S1-Hvariegata-F1_S1_L004_R2_001_fastqc.html
[2022-11-03 17:10:25,871] multiqc                                            [DEBUG  ]  File ignored by rseqc/read_distribution because it exceeded search pattern filesize limit: S1-Hvariegata-F1_S1_L004_R2_001_fastqc.html
[2022-11-03 17:10:25,871] multiqc                                            [DEBUG  ]  File ignored by rseqc/infer_experiment because it exceeded search pattern filesize limit: S1-Hvariegata-F1_S1_L004_R2_001_fastqc.html
[2022-11-03 17:10:25,974] multiqc                                            [DEBUG  ]  File ignored by hicexplorer because it exceeded search pattern filesize limit: S2-Hlongipenis-F1_S2_L001_R1_001_fastqc.html
[2022-11-03 17:10:25,976] multiqc                                            [DEBUG  ]  File ignored by longranger/invocation because it exceeded search pattern filesize limit: S2-Hlongipenis-F1_S2_L001_R1_001_fastqc.html
[2022-11-03 17:10:25,976] multiqc                                            [DEBUG  ]  File ignored by rockhopper because it exceeded search pattern filesize limit: S2-Hlongipenis-F1_S2_L001_R1_001_fastqc.html
[2022-11-03 17:10:25,977] multiqc                                            [DEBUG  ]  File ignored by rseqc/bam_stat because it exceeded search pattern filesize limit: S2-Hlongipenis-F1_S2_L001_R1_001_fastqc.html
[2022-11-03 17:10:25,977] multiqc                                            [DEBUG  ]  File ignored by rseqc/junction_annotation because it exceeded search pattern filesize limit: S2-Hlongipenis-F1_S2_L001_R1_001_fastqc.html
[2022-11-03 17:10:25,977] multiqc                                            [DEBUG  ]  File ignored by rseqc/read_distribution because it exceeded search pattern filesize limit: S2-Hlongipenis-F1_S2_L001_R1_001_fastqc.html
[2022-11-03 17:10:25,977] multiqc                                            [DEBUG  ]  File ignored by rseqc/infer_experiment because it exceeded search pattern filesize limit: S2-Hlongipenis-F1_S2_L001_R1_001_fastqc.html
[2022-11-03 17:10:26,080] multiqc                                            [DEBUG  ]  File ignored by hicexplorer because it exceeded search pattern filesize limit: S2-Hlongipenis-F1_S2_L001_R2_001_fastqc.html
[2022-11-03 17:10:26,082] multiqc                                            [DEBUG  ]  File ignored by longranger/invocation because it exceeded search pattern filesize limit: S2-Hlongipenis-F1_S2_L001_R2_001_fastqc.html
[2022-11-03 17:10:26,082] multiqc                                            [DEBUG  ]  File ignored by rockhopper because it exceeded search pattern filesize limit: S2-Hlongipenis-F1_S2_L001_R2_001_fastqc.html
[2022-11-03 17:10:26,082] multiqc                                            [DEBUG  ]  File ignored by rseqc/bam_stat because it exceeded search pattern filesize limit: S2-Hlongipenis-F1_S2_L001_R2_001_fastqc.html
[2022-11-03 17:10:26,082] multiqc                                            [DEBUG  ]  File ignored by rseqc/junction_annotation because it exceeded search pattern filesize limit: S2-Hlongipenis-F1_S2_L001_R2_001_fastqc.html
[2022-11-03 17:10:26,082] multiqc                                            [DEBUG  ]  File ignored by rseqc/read_distribution because it exceeded search pattern filesize limit: S2-Hlongipenis-F1_S2_L001_R2_001_fastqc.html
[2022-11-03 17:10:26,082] multiqc                                            [DEBUG  ]  File ignored by rseqc/infer_experiment because it exceeded search pattern filesize limit: S2-Hlongipenis-F1_S2_L001_R2_001_fastqc.html
[2022-11-03 17:10:26,188] multiqc                                            [DEBUG  ]  File ignored by hicexplorer because it exceeded search pattern filesize limit: S2-Hlongipenis-F1_S2_L002_R1_001_fastqc.html
[2022-11-03 17:10:26,191] multiqc                                            [DEBUG  ]  File ignored by longranger/invocation because it exceeded search pattern filesize limit: S2-Hlongipenis-F1_S2_L002_R1_001_fastqc.html
[2022-11-03 17:10:26,191] multiqc                                            [DEBUG  ]  File ignored by rockhopper because it exceeded search pattern filesize limit: S2-Hlongipenis-F1_S2_L002_R1_001_fastqc.html
[2022-11-03 17:10:26,191] multiqc                                            [DEBUG  ]  File ignored by rseqc/bam_stat because it exceeded search pattern filesize limit: S2-Hlongipenis-F1_S2_L002_R1_001_fastqc.html
[2022-11-03 17:10:26,191] multiqc                                            [DEBUG  ]  File ignored by rseqc/junction_annotation because it exceeded search pattern filesize limit: S2-Hlongipenis-F1_S2_L002_R1_001_fastqc.html
[2022-11-03 17:10:26,191] multiqc                                            [DEBUG  ]  File ignored by rseqc/read_distribution because it exceeded search pattern filesize limit: S2-Hlongipenis-F1_S2_L002_R1_001_fastqc.html
[2022-11-03 17:10:26,191] multiqc                                            [DEBUG  ]  File ignored by rseqc/infer_experiment because it exceeded search pattern filesize limit: S2-Hlongipenis-F1_S2_L002_R1_001_fastqc.html
[2022-11-03 17:10:26,295] multiqc                                            [DEBUG  ]  File ignored by hicexplorer because it exceeded search pattern filesize limit: S2-Hlongipenis-F1_S2_L002_R2_001_fastqc.html
[2022-11-03 17:10:26,297] multiqc                                            [DEBUG  ]  File ignored by longranger/invocation because it exceeded search pattern filesize limit: S2-Hlongipenis-F1_S2_L002_R2_001_fastqc.html
[2022-11-03 17:10:26,297] multiqc                                            [DEBUG  ]  File ignored by rockhopper because it exceeded search pattern filesize limit: S2-Hlongipenis-F1_S2_L002_R2_001_fastqc.html
[2022-11-03 17:10:26,297] multiqc                                            [DEBUG  ]  File ignored by rseqc/bam_stat because it exceeded search pattern filesize limit: S2-Hlongipenis-F1_S2_L002_R2_001_fastqc.html
[2022-11-03 17:10:26,298] multiqc                                            [DEBUG  ]  File ignored by rseqc/junction_annotation because it exceeded search pattern filesize limit: S2-Hlongipenis-F1_S2_L002_R2_001_fastqc.html
[2022-11-03 17:10:26,298] multiqc                                            [DEBUG  ]  File ignored by rseqc/read_distribution because it exceeded search pattern filesize limit: S2-Hlongipenis-F1_S2_L002_R2_001_fastqc.html
[2022-11-03 17:10:26,298] multiqc                                            [DEBUG  ]  File ignored by rseqc/infer_experiment because it exceeded search pattern filesize limit: S2-Hlongipenis-F1_S2_L002_R2_001_fastqc.html
[2022-11-03 17:10:26,400] multiqc                                            [DEBUG  ]  File ignored by hicexplorer because it exceeded search pattern filesize limit: S2-Hlongipenis-F1_S2_L003_R1_001_fastqc.html
[2022-11-03 17:10:26,402] multiqc                                            [DEBUG  ]  File ignored by longranger/invocation because it exceeded search pattern filesize limit: S2-Hlongipenis-F1_S2_L003_R1_001_fastqc.html
[2022-11-03 17:10:26,402] multiqc                                            [DEBUG  ]  File ignored by rockhopper because it exceeded search pattern filesize limit: S2-Hlongipenis-F1_S2_L003_R1_001_fastqc.html
[2022-11-03 17:10:26,402] multiqc                                            [DEBUG  ]  File ignored by rseqc/bam_stat because it exceeded search pattern filesize limit: S2-Hlongipenis-F1_S2_L003_R1_001_fastqc.html
[2022-11-03 17:10:26,402] multiqc                                            [DEBUG  ]  File ignored by rseqc/junction_annotation because it exceeded search pattern filesize limit: S2-Hlongipenis-F1_S2_L003_R1_001_fastqc.html
[2022-11-03 17:10:26,402] multiqc                                            [DEBUG  ]  File ignored by rseqc/read_distribution because it exceeded search pattern filesize limit: S2-Hlongipenis-F1_S2_L003_R1_001_fastqc.html
[2022-11-03 17:10:26,403] multiqc                                            [DEBUG  ]  File ignored by rseqc/infer_experiment because it exceeded search pattern filesize limit: S2-Hlongipenis-F1_S2_L003_R1_001_fastqc.html
[2022-11-03 17:10:26,511] multiqc                                            [DEBUG  ]  File ignored by hicexplorer because it exceeded search pattern filesize limit: S2-Hlongipenis-F1_S2_L003_R2_001_fastqc.html
[2022-11-03 17:10:26,514] multiqc                                            [DEBUG  ]  File ignored by longranger/invocation because it exceeded search pattern filesize limit: S2-Hlongipenis-F1_S2_L003_R2_001_fastqc.html
[2022-11-03 17:10:26,514] multiqc                                            [DEBUG  ]  File ignored by rockhopper because it exceeded search pattern filesize limit: S2-Hlongipenis-F1_S2_L003_R2_001_fastqc.html
[2022-11-03 17:10:26,514] multiqc                                            [DEBUG  ]  File ignored by rseqc/bam_stat because it exceeded search pattern filesize limit: S2-Hlongipenis-F1_S2_L003_R2_001_fastqc.html
[2022-11-03 17:10:26,514] multiqc                                            [DEBUG  ]  File ignored by rseqc/junction_annotation because it exceeded search pattern filesize limit: S2-Hlongipenis-F1_S2_L003_R2_001_fastqc.html
[2022-11-03 17:10:26,514] multiqc                                            [DEBUG  ]  File ignored by rseqc/read_distribution because it exceeded search pattern filesize limit: S2-Hlongipenis-F1_S2_L003_R2_001_fastqc.html
[2022-11-03 17:10:26,514] multiqc                                            [DEBUG  ]  File ignored by rseqc/infer_experiment because it exceeded search pattern filesize limit: S2-Hlongipenis-F1_S2_L003_R2_001_fastqc.html
[2022-11-03 17:10:26,626] multiqc                                            [DEBUG  ]  File ignored by hicexplorer because it exceeded search pattern filesize limit: S2-Hlongipenis-F1_S2_L004_R1_001_fastqc.html
[2022-11-03 17:10:26,628] multiqc                                            [DEBUG  ]  File ignored by longranger/invocation because it exceeded search pattern filesize limit: S2-Hlongipenis-F1_S2_L004_R1_001_fastqc.html
[2022-11-03 17:10:26,628] multiqc                                            [DEBUG  ]  File ignored by rockhopper because it exceeded search pattern filesize limit: S2-Hlongipenis-F1_S2_L004_R1_001_fastqc.html
[2022-11-03 17:10:26,628] multiqc                                            [DEBUG  ]  File ignored by rseqc/bam_stat because it exceeded search pattern filesize limit: S2-Hlongipenis-F1_S2_L004_R1_001_fastqc.html
[2022-11-03 17:10:26,629] multiqc                                            [DEBUG  ]  File ignored by rseqc/junction_annotation because it exceeded search pattern filesize limit: S2-Hlongipenis-F1_S2_L004_R1_001_fastqc.html
[2022-11-03 17:10:26,629] multiqc                                            [DEBUG  ]  File ignored by rseqc/read_distribution because it exceeded search pattern filesize limit: S2-Hlongipenis-F1_S2_L004_R1_001_fastqc.html
[2022-11-03 17:10:26,629] multiqc                                            [DEBUG  ]  File ignored by rseqc/infer_experiment because it exceeded search pattern filesize limit: S2-Hlongipenis-F1_S2_L004_R1_001_fastqc.html
[2022-11-03 17:10:26,734] multiqc                                            [DEBUG  ]  File ignored by hicexplorer because it exceeded search pattern filesize limit: S2-Hlongipenis-F1_S2_L004_R2_001_fastqc.html
[2022-11-03 17:10:26,736] multiqc                                            [DEBUG  ]  File ignored by longranger/invocation because it exceeded search pattern filesize limit: S2-Hlongipenis-F1_S2_L004_R2_001_fastqc.html
[2022-11-03 17:10:26,736] multiqc                                            [DEBUG  ]  File ignored by rockhopper because it exceeded search pattern filesize limit: S2-Hlongipenis-F1_S2_L004_R2_001_fastqc.html
[2022-11-03 17:10:26,736] multiqc                                            [DEBUG  ]  File ignored by rseqc/bam_stat because it exceeded search pattern filesize limit: S2-Hlongipenis-F1_S2_L004_R2_001_fastqc.html
[2022-11-03 17:10:26,736] multiqc                                            [DEBUG  ]  File ignored by rseqc/junction_annotation because it exceeded search pattern filesize limit: S2-Hlongipenis-F1_S2_L004_R2_001_fastqc.html
[2022-11-03 17:10:26,736] multiqc                                            [DEBUG  ]  File ignored by rseqc/read_distribution because it exceeded search pattern filesize limit: S2-Hlongipenis-F1_S2_L004_R2_001_fastqc.html
[2022-11-03 17:10:26,737] multiqc                                            [DEBUG  ]  File ignored by rseqc/infer_experiment because it exceeded search pattern filesize limit: S2-Hlongipenis-F1_S2_L004_R2_001_fastqc.html
[2022-11-03 17:10:26,840] multiqc                                            [DEBUG  ]  File ignored by hicexplorer because it exceeded search pattern filesize limit: S3-Hcamelina-F2_S3_L001_R1_001_fastqc.html
[2022-11-03 17:10:26,842] multiqc                                            [DEBUG  ]  File ignored by longranger/invocation because it exceeded search pattern filesize limit: S3-Hcamelina-F2_S3_L001_R1_001_fastqc.html
[2022-11-03 17:10:26,842] multiqc                                            [DEBUG  ]  File ignored by rockhopper because it exceeded search pattern filesize limit: S3-Hcamelina-F2_S3_L001_R1_001_fastqc.html
[2022-11-03 17:10:26,842] multiqc                                            [DEBUG  ]  File ignored by rseqc/bam_stat because it exceeded search pattern filesize limit: S3-Hcamelina-F2_S3_L001_R1_001_fastqc.html
[2022-11-03 17:10:26,842] multiqc                                            [DEBUG  ]  File ignored by rseqc/junction_annotation because it exceeded search pattern filesize limit: S3-Hcamelina-F2_S3_L001_R1_001_fastqc.html
[2022-11-03 17:10:26,843] multiqc                                            [DEBUG  ]  File ignored by rseqc/read_distribution because it exceeded search pattern filesize limit: S3-Hcamelina-F2_S3_L001_R1_001_fastqc.html
[2022-11-03 17:10:26,843] multiqc                                            [DEBUG  ]  File ignored by rseqc/infer_experiment because it exceeded search pattern filesize limit: S3-Hcamelina-F2_S3_L001_R1_001_fastqc.html
[2022-11-03 17:10:26,948] multiqc                                            [DEBUG  ]  File ignored by hicexplorer because it exceeded search pattern filesize limit: S3-Hcamelina-F2_S3_L001_R2_001_fastqc.html
[2022-11-03 17:10:26,950] multiqc                                            [DEBUG  ]  File ignored by longranger/invocation because it exceeded search pattern filesize limit: S3-Hcamelina-F2_S3_L001_R2_001_fastqc.html
[2022-11-03 17:10:26,950] multiqc                                            [DEBUG  ]  File ignored by rockhopper because it exceeded search pattern filesize limit: S3-Hcamelina-F2_S3_L001_R2_001_fastqc.html
[2022-11-03 17:10:26,950] multiqc                                            [DEBUG  ]  File ignored by rseqc/bam_stat because it exceeded search pattern filesize limit: S3-Hcamelina-F2_S3_L001_R2_001_fastqc.html
[2022-11-03 17:10:26,950] multiqc                                            [DEBUG  ]  File ignored by rseqc/junction_annotation because it exceeded search pattern filesize limit: S3-Hcamelina-F2_S3_L001_R2_001_fastqc.html
[2022-11-03 17:10:26,950] multiqc                                            [DEBUG  ]  File ignored by rseqc/read_distribution because it exceeded search pattern filesize limit: S3-Hcamelina-F2_S3_L001_R2_001_fastqc.html
[2022-11-03 17:10:26,950] multiqc                                            [DEBUG  ]  File ignored by rseqc/infer_experiment because it exceeded search pattern filesize limit: S3-Hcamelina-F2_S3_L001_R2_001_fastqc.html
[2022-11-03 17:10:27,055] multiqc                                            [DEBUG  ]  File ignored by hicexplorer because it exceeded search pattern filesize limit: S3-Hcamelina-F2_S3_L002_R1_001_fastqc.html
[2022-11-03 17:10:27,058] multiqc                                            [DEBUG  ]  File ignored by longranger/invocation because it exceeded search pattern filesize limit: S3-Hcamelina-F2_S3_L002_R1_001_fastqc.html
[2022-11-03 17:10:27,058] multiqc                                            [DEBUG  ]  File ignored by rockhopper because it exceeded search pattern filesize limit: S3-Hcamelina-F2_S3_L002_R1_001_fastqc.html
[2022-11-03 17:10:27,058] multiqc                                            [DEBUG  ]  File ignored by rseqc/bam_stat because it exceeded search pattern filesize limit: S3-Hcamelina-F2_S3_L002_R1_001_fastqc.html
[2022-11-03 17:10:27,058] multiqc                                            [DEBUG  ]  File ignored by rseqc/junction_annotation because it exceeded search pattern filesize limit: S3-Hcamelina-F2_S3_L002_R1_001_fastqc.html
[2022-11-03 17:10:27,058] multiqc                                            [DEBUG  ]  File ignored by rseqc/read_distribution because it exceeded search pattern filesize limit: S3-Hcamelina-F2_S3_L002_R1_001_fastqc.html
[2022-11-03 17:10:27,058] multiqc                                            [DEBUG  ]  File ignored by rseqc/infer_experiment because it exceeded search pattern filesize limit: S3-Hcamelina-F2_S3_L002_R1_001_fastqc.html
[2022-11-03 17:10:27,160] multiqc                                            [DEBUG  ]  File ignored by hicexplorer because it exceeded search pattern filesize limit: S3-Hcamelina-F2_S3_L002_R2_001_fastqc.html
[2022-11-03 17:10:27,162] multiqc                                            [DEBUG  ]  File ignored by longranger/invocation because it exceeded search pattern filesize limit: S3-Hcamelina-F2_S3_L002_R2_001_fastqc.html
[2022-11-03 17:10:27,162] multiqc                                            [DEBUG  ]  File ignored by rockhopper because it exceeded search pattern filesize limit: S3-Hcamelina-F2_S3_L002_R2_001_fastqc.html
[2022-11-03 17:10:27,163] multiqc                                            [DEBUG  ]  File ignored by rseqc/bam_stat because it exceeded search pattern filesize limit: S3-Hcamelina-F2_S3_L002_R2_001_fastqc.html
[2022-11-03 17:10:27,163] multiqc                                            [DEBUG  ]  File ignored by rseqc/junction_annotation because it exceeded search pattern filesize limit: S3-Hcamelina-F2_S3_L002_R2_001_fastqc.html
[2022-11-03 17:10:27,163] multiqc                                            [DEBUG  ]  File ignored by rseqc/read_distribution because it exceeded search pattern filesize limit: S3-Hcamelina-F2_S3_L002_R2_001_fastqc.html
[2022-11-03 17:10:27,163] multiqc                                            [DEBUG  ]  File ignored by rseqc/infer_experiment because it exceeded search pattern filesize limit: S3-Hcamelina-F2_S3_L002_R2_001_fastqc.html
[2022-11-03 17:10:27,265] multiqc                                            [DEBUG  ]  File ignored by hicexplorer because it exceeded search pattern filesize limit: S3-Hcamelina-F2_S3_L003_R1_001_fastqc.html
[2022-11-03 17:10:27,268] multiqc                                            [DEBUG  ]  File ignored by longranger/invocation because it exceeded search pattern filesize limit: S3-Hcamelina-F2_S3_L003_R1_001_fastqc.html
[2022-11-03 17:10:27,268] multiqc                                            [DEBUG  ]  File ignored by rockhopper because it exceeded search pattern filesize limit: S3-Hcamelina-F2_S3_L003_R1_001_fastqc.html
[2022-11-03 17:10:27,268] multiqc                                            [DEBUG  ]  File ignored by rseqc/bam_stat because it exceeded search pattern filesize limit: S3-Hcamelina-F2_S3_L003_R1_001_fastqc.html
[2022-11-03 17:10:27,268] multiqc                                            [DEBUG  ]  File ignored by rseqc/junction_annotation because it exceeded search pattern filesize limit: S3-Hcamelina-F2_S3_L003_R1_001_fastqc.html
[2022-11-03 17:10:27,268] multiqc                                            [DEBUG  ]  File ignored by rseqc/read_distribution because it exceeded search pattern filesize limit: S3-Hcamelina-F2_S3_L003_R1_001_fastqc.html
[2022-11-03 17:10:27,268] multiqc                                            [DEBUG  ]  File ignored by rseqc/infer_experiment because it exceeded search pattern filesize limit: S3-Hcamelina-F2_S3_L003_R1_001_fastqc.html
[2022-11-03 17:10:27,377] multiqc                                            [DEBUG  ]  File ignored by hicexplorer because it exceeded search pattern filesize limit: S3-Hcamelina-F2_S3_L003_R2_001_fastqc.html
[2022-11-03 17:10:27,380] multiqc                                            [DEBUG  ]  File ignored by longranger/invocation because it exceeded search pattern filesize limit: S3-Hcamelina-F2_S3_L003_R2_001_fastqc.html
[2022-11-03 17:10:27,380] multiqc                                            [DEBUG  ]  File ignored by rockhopper because it exceeded search pattern filesize limit: S3-Hcamelina-F2_S3_L003_R2_001_fastqc.html
[2022-11-03 17:10:27,380] multiqc                                            [DEBUG  ]  File ignored by rseqc/bam_stat because it exceeded search pattern filesize limit: S3-Hcamelina-F2_S3_L003_R2_001_fastqc.html
[2022-11-03 17:10:27,380] multiqc                                            [DEBUG  ]  File ignored by rseqc/junction_annotation because it exceeded search pattern filesize limit: S3-Hcamelina-F2_S3_L003_R2_001_fastqc.html
[2022-11-03 17:10:27,380] multiqc                                            [DEBUG  ]  File ignored by rseqc/read_distribution because it exceeded search pattern filesize limit: S3-Hcamelina-F2_S3_L003_R2_001_fastqc.html
[2022-11-03 17:10:27,380] multiqc                                            [DEBUG  ]  File ignored by rseqc/infer_experiment because it exceeded search pattern filesize limit: S3-Hcamelina-F2_S3_L003_R2_001_fastqc.html
[2022-11-03 17:10:27,488] multiqc                                            [DEBUG  ]  File ignored by hicexplorer because it exceeded search pattern filesize limit: S3-Hcamelina-F2_S3_L004_R1_001_fastqc.html
[2022-11-03 17:10:27,491] multiqc                                            [DEBUG  ]  File ignored by longranger/invocation because it exceeded search pattern filesize limit: S3-Hcamelina-F2_S3_L004_R1_001_fastqc.html
[2022-11-03 17:10:27,491] multiqc                                            [DEBUG  ]  File ignored by rockhopper because it exceeded search pattern filesize limit: S3-Hcamelina-F2_S3_L004_R1_001_fastqc.html
[2022-11-03 17:10:27,491] multiqc                                            [DEBUG  ]  File ignored by rseqc/bam_stat because it exceeded search pattern filesize limit: S3-Hcamelina-F2_S3_L004_R1_001_fastqc.html
[2022-11-03 17:10:27,491] multiqc                                            [DEBUG  ]  File ignored by rseqc/junction_annotation because it exceeded search pattern filesize limit: S3-Hcamelina-F2_S3_L004_R1_001_fastqc.html
[2022-11-03 17:10:27,491] multiqc                                            [DEBUG  ]  File ignored by rseqc/read_distribution because it exceeded search pattern filesize limit: S3-Hcamelina-F2_S3_L004_R1_001_fastqc.html
[2022-11-03 17:10:27,491] multiqc                                            [DEBUG  ]  File ignored by rseqc/infer_experiment because it exceeded search pattern filesize limit: S3-Hcamelina-F2_S3_L004_R1_001_fastqc.html
[2022-11-03 17:10:27,597] multiqc                                            [DEBUG  ]  File ignored by hicexplorer because it exceeded search pattern filesize limit: S3-Hcamelina-F2_S3_L004_R2_001_fastqc.html
[2022-11-03 17:10:27,599] multiqc                                            [DEBUG  ]  File ignored by longranger/invocation because it exceeded search pattern filesize limit: S3-Hcamelina-F2_S3_L004_R2_001_fastqc.html
[2022-11-03 17:10:27,600] multiqc                                            [DEBUG  ]  File ignored by rockhopper because it exceeded search pattern filesize limit: S3-Hcamelina-F2_S3_L004_R2_001_fastqc.html
[2022-11-03 17:10:27,600] multiqc                                            [DEBUG  ]  File ignored by rseqc/bam_stat because it exceeded search pattern filesize limit: S3-Hcamelina-F2_S3_L004_R2_001_fastqc.html
[2022-11-03 17:10:27,600] multiqc                                            [DEBUG  ]  File ignored by rseqc/junction_annotation because it exceeded search pattern filesize limit: S3-Hcamelina-F2_S3_L004_R2_001_fastqc.html
[2022-11-03 17:10:27,600] multiqc                                            [DEBUG  ]  File ignored by rseqc/read_distribution because it exceeded search pattern filesize limit: S3-Hcamelina-F2_S3_L004_R2_001_fastqc.html
[2022-11-03 17:10:27,600] multiqc                                            [DEBUG  ]  File ignored by rseqc/infer_experiment because it exceeded search pattern filesize limit: S3-Hcamelina-F2_S3_L004_R2_001_fastqc.html
[2022-11-03 17:10:27,709] multiqc                                            [DEBUG  ]  File ignored by hicexplorer because it exceeded search pattern filesize limit: S4-Hcamelina-M2_S4_L001_R1_001_fastqc.html
[2022-11-03 17:10:27,711] multiqc                                            [DEBUG  ]  File ignored by longranger/invocation because it exceeded search pattern filesize limit: S4-Hcamelina-M2_S4_L001_R1_001_fastqc.html
[2022-11-03 17:10:27,711] multiqc                                            [DEBUG  ]  File ignored by rockhopper because it exceeded search pattern filesize limit: S4-Hcamelina-M2_S4_L001_R1_001_fastqc.html
[2022-11-03 17:10:27,711] multiqc                                            [DEBUG  ]  File ignored by rseqc/bam_stat because it exceeded search pattern filesize limit: S4-Hcamelina-M2_S4_L001_R1_001_fastqc.html
[2022-11-03 17:10:27,711] multiqc                                            [DEBUG  ]  File ignored by rseqc/junction_annotation because it exceeded search pattern filesize limit: S4-Hcamelina-M2_S4_L001_R1_001_fastqc.html
[2022-11-03 17:10:27,711] multiqc                                            [DEBUG  ]  File ignored by rseqc/read_distribution because it exceeded search pattern filesize limit: S4-Hcamelina-M2_S4_L001_R1_001_fastqc.html
[2022-11-03 17:10:27,711] multiqc                                            [DEBUG  ]  File ignored by rseqc/infer_experiment because it exceeded search pattern filesize limit: S4-Hcamelina-M2_S4_L001_R1_001_fastqc.html
[2022-11-03 17:10:27,814] multiqc                                            [DEBUG  ]  File ignored by hicexplorer because it exceeded search pattern filesize limit: S4-Hcamelina-M2_S4_L001_R2_001_fastqc.html
[2022-11-03 17:10:27,816] multiqc                                            [DEBUG  ]  File ignored by longranger/invocation because it exceeded search pattern filesize limit: S4-Hcamelina-M2_S4_L001_R2_001_fastqc.html
[2022-11-03 17:10:27,817] multiqc                                            [DEBUG  ]  File ignored by rockhopper because it exceeded search pattern filesize limit: S4-Hcamelina-M2_S4_L001_R2_001_fastqc.html
[2022-11-03 17:10:27,817] multiqc                                            [DEBUG  ]  File ignored by rseqc/bam_stat because it exceeded search pattern filesize limit: S4-Hcamelina-M2_S4_L001_R2_001_fastqc.html
[2022-11-03 17:10:27,817] multiqc                                            [DEBUG  ]  File ignored by rseqc/junction_annotation because it exceeded search pattern filesize limit: S4-Hcamelina-M2_S4_L001_R2_001_fastqc.html
[2022-11-03 17:10:27,817] multiqc                                            [DEBUG  ]  File ignored by rseqc/read_distribution because it exceeded search pattern filesize limit: S4-Hcamelina-M2_S4_L001_R2_001_fastqc.html
[2022-11-03 17:10:27,817] multiqc                                            [DEBUG  ]  File ignored by rseqc/infer_experiment because it exceeded search pattern filesize limit: S4-Hcamelina-M2_S4_L001_R2_001_fastqc.html
[2022-11-03 17:10:27,919] multiqc                                            [DEBUG  ]  File ignored by hicexplorer because it exceeded search pattern filesize limit: S4-Hcamelina-M2_S4_L002_R1_001_fastqc.html
[2022-11-03 17:10:27,921] multiqc                                            [DEBUG  ]  File ignored by longranger/invocation because it exceeded search pattern filesize limit: S4-Hcamelina-M2_S4_L002_R1_001_fastqc.html
[2022-11-03 17:10:27,921] multiqc                                            [DEBUG  ]  File ignored by rockhopper because it exceeded search pattern filesize limit: S4-Hcamelina-M2_S4_L002_R1_001_fastqc.html
[2022-11-03 17:10:27,921] multiqc                                            [DEBUG  ]  File ignored by rseqc/bam_stat because it exceeded search pattern filesize limit: S4-Hcamelina-M2_S4_L002_R1_001_fastqc.html
[2022-11-03 17:10:27,921] multiqc                                            [DEBUG  ]  File ignored by rseqc/junction_annotation because it exceeded search pattern filesize limit: S4-Hcamelina-M2_S4_L002_R1_001_fastqc.html
[2022-11-03 17:10:27,921] multiqc                                            [DEBUG  ]  File ignored by rseqc/read_distribution because it exceeded search pattern filesize limit: S4-Hcamelina-M2_S4_L002_R1_001_fastqc.html
[2022-11-03 17:10:27,921] multiqc                                            [DEBUG  ]  File ignored by rseqc/infer_experiment because it exceeded search pattern filesize limit: S4-Hcamelina-M2_S4_L002_R1_001_fastqc.html
[2022-11-03 17:10:28,021] multiqc                                            [DEBUG  ]  File ignored by hicexplorer because it exceeded search pattern filesize limit: S4-Hcamelina-M2_S4_L002_R2_001_fastqc.html
[2022-11-03 17:10:28,023] multiqc                                            [DEBUG  ]  File ignored by longranger/invocation because it exceeded search pattern filesize limit: S4-Hcamelina-M2_S4_L002_R2_001_fastqc.html
[2022-11-03 17:10:28,023] multiqc                                            [DEBUG  ]  File ignored by rockhopper because it exceeded search pattern filesize limit: S4-Hcamelina-M2_S4_L002_R2_001_fastqc.html
[2022-11-03 17:10:28,023] multiqc                                            [DEBUG  ]  File ignored by rseqc/bam_stat because it exceeded search pattern filesize limit: S4-Hcamelina-M2_S4_L002_R2_001_fastqc.html
[2022-11-03 17:10:28,023] multiqc                                            [DEBUG  ]  File ignored by rseqc/junction_annotation because it exceeded search pattern filesize limit: S4-Hcamelina-M2_S4_L002_R2_001_fastqc.html
[2022-11-03 17:10:28,024] multiqc                                            [DEBUG  ]  File ignored by rseqc/read_distribution because it exceeded search pattern filesize limit: S4-Hcamelina-M2_S4_L002_R2_001_fastqc.html
[2022-11-03 17:10:28,024] multiqc                                            [DEBUG  ]  File ignored by rseqc/infer_experiment because it exceeded search pattern filesize limit: S4-Hcamelina-M2_S4_L002_R2_001_fastqc.html
[2022-11-03 17:10:28,128] multiqc                                            [DEBUG  ]  File ignored by hicexplorer because it exceeded search pattern filesize limit: S4-Hcamelina-M2_S4_L003_R1_001_fastqc.html
[2022-11-03 17:10:28,131] multiqc                                            [DEBUG  ]  File ignored by longranger/invocation because it exceeded search pattern filesize limit: S4-Hcamelina-M2_S4_L003_R1_001_fastqc.html
[2022-11-03 17:10:28,131] multiqc                                            [DEBUG  ]  File ignored by rockhopper because it exceeded search pattern filesize limit: S4-Hcamelina-M2_S4_L003_R1_001_fastqc.html
[2022-11-03 17:10:28,131] multiqc                                            [DEBUG  ]  File ignored by rseqc/bam_stat because it exceeded search pattern filesize limit: S4-Hcamelina-M2_S4_L003_R1_001_fastqc.html
[2022-11-03 17:10:28,131] multiqc                                            [DEBUG  ]  File ignored by rseqc/junction_annotation because it exceeded search pattern filesize limit: S4-Hcamelina-M2_S4_L003_R1_001_fastqc.html
[2022-11-03 17:10:28,131] multiqc                                            [DEBUG  ]  File ignored by rseqc/read_distribution because it exceeded search pattern filesize limit: S4-Hcamelina-M2_S4_L003_R1_001_fastqc.html
[2022-11-03 17:10:28,131] multiqc                                            [DEBUG  ]  File ignored by rseqc/infer_experiment because it exceeded search pattern filesize limit: S4-Hcamelina-M2_S4_L003_R1_001_fastqc.html
[2022-11-03 17:10:28,234] multiqc                                            [DEBUG  ]  File ignored by hicexplorer because it exceeded search pattern filesize limit: S4-Hcamelina-M2_S4_L003_R2_001_fastqc.html
[2022-11-03 17:10:28,237] multiqc                                            [DEBUG  ]  File ignored by longranger/invocation because it exceeded search pattern filesize limit: S4-Hcamelina-M2_S4_L003_R2_001_fastqc.html
[2022-11-03 17:10:28,237] multiqc                                            [DEBUG  ]  File ignored by rockhopper because it exceeded search pattern filesize limit: S4-Hcamelina-M2_S4_L003_R2_001_fastqc.html
[2022-11-03 17:10:28,237] multiqc                                            [DEBUG  ]  File ignored by rseqc/bam_stat because it exceeded search pattern filesize limit: S4-Hcamelina-M2_S4_L003_R2_001_fastqc.html
[2022-11-03 17:10:28,237] multiqc                                            [DEBUG  ]  File ignored by rseqc/junction_annotation because it exceeded search pattern filesize limit: S4-Hcamelina-M2_S4_L003_R2_001_fastqc.html
[2022-11-03 17:10:28,237] multiqc                                            [DEBUG  ]  File ignored by rseqc/read_distribution because it exceeded search pattern filesize limit: S4-Hcamelina-M2_S4_L003_R2_001_fastqc.html
[2022-11-03 17:10:28,237] multiqc                                            [DEBUG  ]  File ignored by rseqc/infer_experiment because it exceeded search pattern filesize limit: S4-Hcamelina-M2_S4_L003_R2_001_fastqc.html
[2022-11-03 17:10:28,343] multiqc                                            [DEBUG  ]  File ignored by hicexplorer because it exceeded search pattern filesize limit: S4-Hcamelina-M2_S4_L004_R1_001_fastqc.html
[2022-11-03 17:10:28,346] multiqc                                            [DEBUG  ]  File ignored by longranger/invocation because it exceeded search pattern filesize limit: S4-Hcamelina-M2_S4_L004_R1_001_fastqc.html
[2022-11-03 17:10:28,346] multiqc                                            [DEBUG  ]  File ignored by rockhopper because it exceeded search pattern filesize limit: S4-Hcamelina-M2_S4_L004_R1_001_fastqc.html
[2022-11-03 17:10:28,346] multiqc                                            [DEBUG  ]  File ignored by rseqc/bam_stat because it exceeded search pattern filesize limit: S4-Hcamelina-M2_S4_L004_R1_001_fastqc.html
[2022-11-03 17:10:28,346] multiqc                                            [DEBUG  ]  File ignored by rseqc/junction_annotation because it exceeded search pattern filesize limit: S4-Hcamelina-M2_S4_L004_R1_001_fastqc.html
[2022-11-03 17:10:28,346] multiqc                                            [DEBUG  ]  File ignored by rseqc/read_distribution because it exceeded search pattern filesize limit: S4-Hcamelina-M2_S4_L004_R1_001_fastqc.html
[2022-11-03 17:10:28,346] multiqc                                            [DEBUG  ]  File ignored by rseqc/infer_experiment because it exceeded search pattern filesize limit: S4-Hcamelina-M2_S4_L004_R1_001_fastqc.html
[2022-11-03 17:10:28,449] multiqc                                            [DEBUG  ]  File ignored by hicexplorer because it exceeded search pattern filesize limit: S4-Hcamelina-M2_S4_L004_R2_001_fastqc.html
[2022-11-03 17:10:28,451] multiqc                                            [DEBUG  ]  File ignored by longranger/invocation because it exceeded search pattern filesize limit: S4-Hcamelina-M2_S4_L004_R2_001_fastqc.html
[2022-11-03 17:10:28,451] multiqc                                            [DEBUG  ]  File ignored by rockhopper because it exceeded search pattern filesize limit: S4-Hcamelina-M2_S4_L004_R2_001_fastqc.html
[2022-11-03 17:10:28,451] multiqc                                            [DEBUG  ]  File ignored by rseqc/bam_stat because it exceeded search pattern filesize limit: S4-Hcamelina-M2_S4_L004_R2_001_fastqc.html
[2022-11-03 17:10:28,451] multiqc                                            [DEBUG  ]  File ignored by rseqc/junction_annotation because it exceeded search pattern filesize limit: S4-Hcamelina-M2_S4_L004_R2_001_fastqc.html
[2022-11-03 17:10:28,451] multiqc                                            [DEBUG  ]  File ignored by rseqc/read_distribution because it exceeded search pattern filesize limit: S4-Hcamelina-M2_S4_L004_R2_001_fastqc.html
[2022-11-03 17:10:28,452] multiqc                                            [DEBUG  ]  File ignored by rseqc/infer_experiment because it exceeded search pattern filesize limit: S4-Hcamelina-M2_S4_L004_R2_001_fastqc.html
[2022-11-03 17:10:28,557] multiqc                                            [DEBUG  ]  File ignored by hicexplorer because it exceeded search pattern filesize limit: Undetermined_S0_L001_R1_001_fastqc.html
[2022-11-03 17:10:28,559] multiqc                                            [DEBUG  ]  File ignored by longranger/invocation because it exceeded search pattern filesize limit: Undetermined_S0_L001_R1_001_fastqc.html
[2022-11-03 17:10:28,559] multiqc                                            [DEBUG  ]  File ignored by rockhopper because it exceeded search pattern filesize limit: Undetermined_S0_L001_R1_001_fastqc.html
[2022-11-03 17:10:28,560] multiqc                                            [DEBUG  ]  File ignored by rseqc/bam_stat because it exceeded search pattern filesize limit: Undetermined_S0_L001_R1_001_fastqc.html
[2022-11-03 17:10:28,560] multiqc                                            [DEBUG  ]  File ignored by rseqc/junction_annotation because it exceeded search pattern filesize limit: Undetermined_S0_L001_R1_001_fastqc.html
[2022-11-03 17:10:28,560] multiqc                                            [DEBUG  ]  File ignored by rseqc/read_distribution because it exceeded search pattern filesize limit: Undetermined_S0_L001_R1_001_fastqc.html
[2022-11-03 17:10:28,560] multiqc                                            [DEBUG  ]  File ignored by rseqc/infer_experiment because it exceeded search pattern filesize limit: Undetermined_S0_L001_R1_001_fastqc.html
[2022-11-03 17:10:28,667] multiqc                                            [DEBUG  ]  File ignored by hicexplorer because it exceeded search pattern filesize limit: Undetermined_S0_L001_R2_001_fastqc.html
[2022-11-03 17:10:28,669] multiqc                                            [DEBUG  ]  File ignored by longranger/invocation because it exceeded search pattern filesize limit: Undetermined_S0_L001_R2_001_fastqc.html
[2022-11-03 17:10:28,669] multiqc                                            [DEBUG  ]  File ignored by rockhopper because it exceeded search pattern filesize limit: Undetermined_S0_L001_R2_001_fastqc.html
[2022-11-03 17:10:28,669] multiqc                                            [DEBUG  ]  File ignored by rseqc/bam_stat because it exceeded search pattern filesize limit: Undetermined_S0_L001_R2_001_fastqc.html
[2022-11-03 17:10:28,670] multiqc                                            [DEBUG  ]  File ignored by rseqc/junction_annotation because it exceeded search pattern filesize limit: Undetermined_S0_L001_R2_001_fastqc.html
[2022-11-03 17:10:28,670] multiqc                                            [DEBUG  ]  File ignored by rseqc/read_distribution because it exceeded search pattern filesize limit: Undetermined_S0_L001_R2_001_fastqc.html
[2022-11-03 17:10:28,670] multiqc                                            [DEBUG  ]  File ignored by rseqc/infer_experiment because it exceeded search pattern filesize limit: Undetermined_S0_L001_R2_001_fastqc.html
[2022-11-03 17:10:28,780] multiqc                                            [DEBUG  ]  File ignored by hicexplorer because it exceeded search pattern filesize limit: Undetermined_S0_L002_R1_001_fastqc.html
[2022-11-03 17:10:28,782] multiqc                                            [DEBUG  ]  File ignored by longranger/invocation because it exceeded search pattern filesize limit: Undetermined_S0_L002_R1_001_fastqc.html
[2022-11-03 17:10:28,782] multiqc                                            [DEBUG  ]  File ignored by rockhopper because it exceeded search pattern filesize limit: Undetermined_S0_L002_R1_001_fastqc.html
[2022-11-03 17:10:28,782] multiqc                                            [DEBUG  ]  File ignored by rseqc/bam_stat because it exceeded search pattern filesize limit: Undetermined_S0_L002_R1_001_fastqc.html
[2022-11-03 17:10:28,782] multiqc                                            [DEBUG  ]  File ignored by rseqc/junction_annotation because it exceeded search pattern filesize limit: Undetermined_S0_L002_R1_001_fastqc.html
[2022-11-03 17:10:28,782] multiqc                                            [DEBUG  ]  File ignored by rseqc/read_distribution because it exceeded search pattern filesize limit: Undetermined_S0_L002_R1_001_fastqc.html
[2022-11-03 17:10:28,782] multiqc                                            [DEBUG  ]  File ignored by rseqc/infer_experiment because it exceeded search pattern filesize limit: Undetermined_S0_L002_R1_001_fastqc.html
[2022-11-03 17:10:28,887] multiqc                                            [DEBUG  ]  File ignored by hicexplorer because it exceeded search pattern filesize limit: Undetermined_S0_L002_R2_001_fastqc.html
[2022-11-03 17:10:28,890] multiqc                                            [DEBUG  ]  File ignored by longranger/invocation because it exceeded search pattern filesize limit: Undetermined_S0_L002_R2_001_fastqc.html
[2022-11-03 17:10:28,890] multiqc                                            [DEBUG  ]  File ignored by rockhopper because it exceeded search pattern filesize limit: Undetermined_S0_L002_R2_001_fastqc.html
[2022-11-03 17:10:28,890] multiqc                                            [DEBUG  ]  File ignored by rseqc/bam_stat because it exceeded search pattern filesize limit: Undetermined_S0_L002_R2_001_fastqc.html
[2022-11-03 17:10:28,890] multiqc                                            [DEBUG  ]  File ignored by rseqc/junction_annotation because it exceeded search pattern filesize limit: Undetermined_S0_L002_R2_001_fastqc.html
[2022-11-03 17:10:28,890] multiqc                                            [DEBUG  ]  File ignored by rseqc/read_distribution because it exceeded search pattern filesize limit: Undetermined_S0_L002_R2_001_fastqc.html
[2022-11-03 17:10:28,890] multiqc                                            [DEBUG  ]  File ignored by rseqc/infer_experiment because it exceeded search pattern filesize limit: Undetermined_S0_L002_R2_001_fastqc.html
[2022-11-03 17:10:28,997] multiqc                                            [DEBUG  ]  File ignored by hicexplorer because it exceeded search pattern filesize limit: Undetermined_S0_L003_R1_001_fastqc.html
[2022-11-03 17:10:28,999] multiqc                                            [DEBUG  ]  File ignored by longranger/invocation because it exceeded search pattern filesize limit: Undetermined_S0_L003_R1_001_fastqc.html
[2022-11-03 17:10:28,999] multiqc                                            [DEBUG  ]  File ignored by rockhopper because it exceeded search pattern filesize limit: Undetermined_S0_L003_R1_001_fastqc.html
[2022-11-03 17:10:28,999] multiqc                                            [DEBUG  ]  File ignored by rseqc/bam_stat because it exceeded search pattern filesize limit: Undetermined_S0_L003_R1_001_fastqc.html
[2022-11-03 17:10:28,999] multiqc                                            [DEBUG  ]  File ignored by rseqc/junction_annotation because it exceeded search pattern filesize limit: Undetermined_S0_L003_R1_001_fastqc.html
[2022-11-03 17:10:28,999] multiqc                                            [DEBUG  ]  File ignored by rseqc/read_distribution because it exceeded search pattern filesize limit: Undetermined_S0_L003_R1_001_fastqc.html
[2022-11-03 17:10:29,000] multiqc                                            [DEBUG  ]  File ignored by rseqc/infer_experiment because it exceeded search pattern filesize limit: Undetermined_S0_L003_R1_001_fastqc.html
[2022-11-03 17:10:29,103] multiqc                                            [DEBUG  ]  File ignored by hicexplorer because it exceeded search pattern filesize limit: Undetermined_S0_L003_R2_001_fastqc.html
[2022-11-03 17:10:29,105] multiqc                                            [DEBUG  ]  File ignored by longranger/invocation because it exceeded search pattern filesize limit: Undetermined_S0_L003_R2_001_fastqc.html
[2022-11-03 17:10:29,105] multiqc                                            [DEBUG  ]  File ignored by rockhopper because it exceeded search pattern filesize limit: Undetermined_S0_L003_R2_001_fastqc.html
[2022-11-03 17:10:29,105] multiqc                                            [DEBUG  ]  File ignored by rseqc/bam_stat because it exceeded search pattern filesize limit: Undetermined_S0_L003_R2_001_fastqc.html
[2022-11-03 17:10:29,105] multiqc                                            [DEBUG  ]  File ignored by rseqc/junction_annotation because it exceeded search pattern filesize limit: Undetermined_S0_L003_R2_001_fastqc.html
[2022-11-03 17:10:29,106] multiqc                                            [DEBUG  ]  File ignored by rseqc/read_distribution because it exceeded search pattern filesize limit: Undetermined_S0_L003_R2_001_fastqc.html
[2022-11-03 17:10:29,106] multiqc                                            [DEBUG  ]  File ignored by rseqc/infer_experiment because it exceeded search pattern filesize limit: Undetermined_S0_L003_R2_001_fastqc.html
[2022-11-03 17:10:29,218] multiqc                                            [DEBUG  ]  File ignored by hicexplorer because it exceeded search pattern filesize limit: Undetermined_S0_L004_R1_001_fastqc.html
[2022-11-03 17:10:29,220] multiqc                                            [DEBUG  ]  File ignored by longranger/invocation because it exceeded search pattern filesize limit: Undetermined_S0_L004_R1_001_fastqc.html
[2022-11-03 17:10:29,220] multiqc                                            [DEBUG  ]  File ignored by rockhopper because it exceeded search pattern filesize limit: Undetermined_S0_L004_R1_001_fastqc.html
[2022-11-03 17:10:29,220] multiqc                                            [DEBUG  ]  File ignored by rseqc/bam_stat because it exceeded search pattern filesize limit: Undetermined_S0_L004_R1_001_fastqc.html
[2022-11-03 17:10:29,220] multiqc                                            [DEBUG  ]  File ignored by rseqc/junction_annotation because it exceeded search pattern filesize limit: Undetermined_S0_L004_R1_001_fastqc.html
[2022-11-03 17:10:29,220] multiqc                                            [DEBUG  ]  File ignored by rseqc/read_distribution because it exceeded search pattern filesize limit: Undetermined_S0_L004_R1_001_fastqc.html
[2022-11-03 17:10:29,221] multiqc                                            [DEBUG  ]  File ignored by rseqc/infer_experiment because it exceeded search pattern filesize limit: Undetermined_S0_L004_R1_001_fastqc.html
[2022-11-03 17:10:29,332] multiqc                                            [DEBUG  ]  File ignored by hicexplorer because it exceeded search pattern filesize limit: Undetermined_S0_L004_R2_001_fastqc.html
[2022-11-03 17:10:29,334] multiqc                                            [DEBUG  ]  File ignored by longranger/invocation because it exceeded search pattern filesize limit: Undetermined_S0_L004_R2_001_fastqc.html
[2022-11-03 17:10:29,334] multiqc                                            [DEBUG  ]  File ignored by rockhopper because it exceeded search pattern filesize limit: Undetermined_S0_L004_R2_001_fastqc.html
[2022-11-03 17:10:29,334] multiqc                                            [DEBUG  ]  File ignored by rseqc/bam_stat because it exceeded search pattern filesize limit: Undetermined_S0_L004_R2_001_fastqc.html
[2022-11-03 17:10:29,334] multiqc                                            [DEBUG  ]  File ignored by rseqc/junction_annotation because it exceeded search pattern filesize limit: Undetermined_S0_L004_R2_001_fastqc.html
[2022-11-03 17:10:29,335] multiqc                                            [DEBUG  ]  File ignored by rseqc/read_distribution because it exceeded search pattern filesize limit: Undetermined_S0_L004_R2_001_fastqc.html
[2022-11-03 17:10:29,335] multiqc                                            [DEBUG  ]  File ignored by rseqc/infer_experiment because it exceeded search pattern filesize limit: Undetermined_S0_L004_R2_001_fastqc.html
[2022-11-03 17:10:32,569] multiqc.plots.bargraph                             [DEBUG  ]  Using matplotlib version 3.2.2
[2022-11-03 17:10:32,570] multiqc.plots.linegraph                            [DEBUG  ]  Using matplotlib version 3.2.2
[2022-11-03 17:10:32,571] multiqc                                            [DEBUG  ]  No samples found: custom_content
[2022-11-03 17:10:32,578] multiqc                                            [DEBUG  ]  No samples found: conpair
[2022-11-03 17:10:32,588] multiqc                                            [DEBUG  ]  No samples found: peddy
[2022-11-03 17:10:32,596] multiqc                                            [DEBUG  ]  No samples found: somalier
[2022-11-03 17:10:32,604] multiqc                                            [DEBUG  ]  No samples found: methylQA
[2022-11-03 17:10:32,621] multiqc                                            [DEBUG  ]  No samples found: mosdepth
[2022-11-03 17:10:32,627] multiqc                                            [DEBUG  ]  No samples found: phantompeakqualtools
[2022-11-03 17:10:32,632] multiqc                                            [DEBUG  ]  No samples found: qualimap
[2022-11-03 17:10:32,639] multiqc                                            [DEBUG  ]  No samples found: preseq
[2022-11-03 17:10:32,654] multiqc                                            [DEBUG  ]  No samples found: quast
[2022-11-03 17:10:32,663] multiqc                                            [DEBUG  ]  No samples found: qorts
[2022-11-03 17:10:32,678] multiqc                                            [DEBUG  ]  No samples found: rna_seqc
[2022-11-03 17:10:32,685] multiqc                                            [DEBUG  ]  No samples found: rockhopper
[2022-11-03 17:10:32,693] multiqc                                            [DEBUG  ]  No samples found: rsem
[2022-11-03 17:10:32,702] multiqc                                            [DEBUG  ]  No samples found: rseqc
[2022-11-03 17:10:32,712] multiqc                                            [DEBUG  ]  No samples found: busco
[2022-11-03 17:10:32,718] multiqc                                            [DEBUG  ]  No samples found: goleft_indexcov
[2022-11-03 17:10:32,724] multiqc                                            [DEBUG  ]  No samples found: disambiguate
[2022-11-03 17:10:32,740] multiqc                                            [DEBUG  ]  No samples found: supernova
[2022-11-03 17:10:32,750] multiqc                                            [DEBUG  ]  No samples found: deeptools
[2022-11-03 17:10:32,757] multiqc                                            [DEBUG  ]  No samples found: sargasso
[2022-11-03 17:10:32,765] multiqc                                            [DEBUG  ]  No samples found: verifybamid
[2022-11-03 17:10:32,772] multiqc                                            [DEBUG  ]  No samples found: mirtrace
[2022-11-03 17:10:32,779] multiqc                                            [DEBUG  ]  No samples found: happy
[2022-11-03 17:10:32,785] multiqc                                            [DEBUG  ]  No samples found: mirtop
[2022-11-03 17:10:32,792] multiqc                                            [DEBUG  ]  No samples found: homer
[2022-11-03 17:10:32,799] multiqc                                            [DEBUG  ]  No samples found: macs2
[2022-11-03 17:10:32,805] multiqc                                            [DEBUG  ]  No samples found: theta2
[2022-11-03 17:10:32,812] multiqc                                            [DEBUG  ]  No samples found: snpeff
[2022-11-03 17:10:32,820] multiqc                                            [DEBUG  ]  No samples found: gatk
[2022-11-03 17:10:32,827] multiqc                                            [DEBUG  ]  No samples found: htseq
[2022-11-03 17:10:32,834] multiqc                                            [DEBUG  ]  No samples found: bcftools
[2022-11-03 17:10:32,853] multiqc                                            [DEBUG  ]  No samples found: featureCounts
[2022-11-03 17:10:32,860] multiqc                                            [DEBUG  ]  No samples found: fgbio
[2022-11-03 17:10:32,873] multiqc                                            [DEBUG  ]  No samples found: dragen
[2022-11-03 17:10:32,881] multiqc                                            [DEBUG  ]  No samples found: dedup
[2022-11-03 17:10:32,888] multiqc                                            [DEBUG  ]  No samples found: damageprofiler
[2022-11-03 17:10:32,902] multiqc                                            [DEBUG  ]  No samples found: biobambam2
[2022-11-03 17:10:32,910] multiqc                                            [DEBUG  ]  No samples found: mtnucratio
[2022-11-03 17:10:32,916] multiqc                                            [DEBUG  ]  No samples found: picard
[2022-11-03 17:10:32,923] multiqc                                            [DEBUG  ]  No samples found: prokka
[2022-11-03 17:10:32,929] multiqc                                            [DEBUG  ]  No samples found: samblaster
[2022-11-03 17:10:32,937] multiqc                                            [DEBUG  ]  No samples found: samtools
[2022-11-03 17:10:32,944] multiqc                                            [DEBUG  ]  No samples found: sexdeterrmine
[2022-11-03 17:10:32,956] multiqc                                            [DEBUG  ]  No samples found: bamtools
[2022-11-03 17:10:32,965] multiqc                                            [DEBUG  ]  No samples found: jellyfish
[2022-11-03 17:10:32,976] multiqc                                            [DEBUG  ]  No samples found: vcftools
[2022-11-03 17:10:33,005] multiqc                                            [DEBUG  ]  No samples found: longranger
[2022-11-03 17:10:33,014] multiqc                                            [DEBUG  ]  No samples found: stacks
[2022-11-03 17:10:33,023] multiqc                                            [DEBUG  ]  No samples found: varscan2
[2022-11-03 17:10:33,049] multiqc                                            [DEBUG  ]  No samples found: bbmap
[2022-11-03 17:10:33,063] multiqc                                            [DEBUG  ]  No samples found: bismark
[2022-11-03 17:10:33,074] multiqc                                            [DEBUG  ]  No samples found: biscuit
[2022-11-03 17:10:33,083] multiqc                                            [DEBUG  ]  No samples found: hicexplorer
[2022-11-03 17:10:33,093] multiqc                                            [DEBUG  ]  No samples found: hicup
[2022-11-03 17:10:33,104] multiqc                                            [DEBUG  ]  No samples found: hicpro
[2022-11-03 17:10:33,113] multiqc                                            [DEBUG  ]  No samples found: salmon
[2022-11-03 17:10:33,123] multiqc                                            [DEBUG  ]  No samples found: kallisto
[2022-11-03 17:10:33,132] multiqc                                            [DEBUG  ]  No samples found: slamdunk
[2022-11-03 17:10:33,146] multiqc                                            [DEBUG  ]  No samples found: star
[2022-11-03 17:10:33,155] multiqc                                            [DEBUG  ]  No samples found: hisat2
[2022-11-03 17:10:33,164] multiqc                                            [DEBUG  ]  No samples found: tophat
[2022-11-03 17:10:33,173] multiqc                                            [DEBUG  ]  No samples found: bowtie2
[2022-11-03 17:10:33,179] multiqc                                            [DEBUG  ]  No samples found: bowtie1
[2022-11-03 17:10:33,190] multiqc                                            [DEBUG  ]  No samples found: snpsplit
[2022-11-03 17:10:33,198] multiqc                                            [DEBUG  ]  No samples found: kat
[2022-11-03 17:10:33,205] multiqc                                            [DEBUG  ]  No samples found: leehom
[2022-11-03 17:10:33,219] multiqc                                            [DEBUG  ]  No samples found: adapterRemoval
[2022-11-03 17:10:33,226] multiqc                                            [DEBUG  ]  No samples found: clipandmerge
[2022-11-03 17:10:33,232] multiqc                                            [DEBUG  ]  No samples found: cutadapt
[2022-11-03 17:10:33,246] multiqc                                            [DEBUG  ]  No samples found: flexbar
[2022-11-03 17:10:33,252] multiqc                                            [DEBUG  ]  No samples found: kaiju
[2022-11-03 17:10:33,265] multiqc                                            [DEBUG  ]  No samples found: kraken
[2022-11-03 17:10:33,280] multiqc                                            [DEBUG  ]  No samples found: malt
[2022-11-03 17:10:33,286] multiqc                                            [DEBUG  ]  No samples found: trimmomatic
[2022-11-03 17:10:33,293] multiqc                                            [DEBUG  ]  No samples found: sickle
[2022-11-03 17:10:33,299] multiqc                                            [DEBUG  ]  No samples found: skewer
[2022-11-03 17:10:33,306] multiqc                                            [DEBUG  ]  No samples found: sortmerna
[2022-11-03 17:10:33,313] multiqc                                            [DEBUG  ]  No samples found: biobloomtools
[2022-11-03 17:10:33,319] multiqc                                            [DEBUG  ]  No samples found: fastq_screen
[2022-11-03 17:10:33,326] multiqc                                            [DEBUG  ]  No samples found: afterqc
[2022-11-03 17:10:33,333] multiqc                                            [DEBUG  ]  No samples found: fastp
[2022-11-03 17:10:34,263] multiqc.modules.fastqc.fastqc                      [INFO   ]  Found 40 reports
[2022-11-03 17:10:35,967] multiqc                                            [DEBUG  ]  No samples found: pycoqc
[2022-11-03 17:10:35,974] multiqc                                            [DEBUG  ]  No samples found: minionqc
[2022-11-03 17:10:35,981] multiqc                                            [DEBUG  ]  No samples found: multivcfanalyzer
[2022-11-03 17:10:35,988] multiqc                                            [DEBUG  ]  No samples found: clusterflow
[2022-11-03 17:10:35,995] multiqc                                            [DEBUG  ]  No samples found: bcl2fastq
[2022-11-03 17:10:36,002] multiqc                                            [DEBUG  ]  No samples found: interop
[2022-11-03 17:10:36,009] multiqc                                            [DEBUG  ]  No samples found: ivar
[2022-11-03 17:10:36,016] multiqc                                            [DEBUG  ]  No samples found: flash
[2022-11-03 17:10:36,022] multiqc                                            [DEBUG  ]  No samples found: seqyclean
[2022-11-03 17:10:36,107] multiqc                                            [INFO   ]  Compressing plot data
[2022-11-03 17:10:37,265] multiqc                                            [INFO   ]  Report      : Results/multiqc_report/multiqc_report.html
[2022-11-03 17:10:37,265] multiqc                                            [INFO   ]  Data        : Results/multiqc_report/multiqc_data
[2022-11-03 17:10:37,265] multiqc                                            [DEBUG  ]  Moving data file from '/tmp/tmpxjew6x7_/multiqc_data' to '/home/fkebaso/Hippo/Results/multiqc_report/multiqc_data'
[2022-11-03 17:10:37,565] multiqc                                            [INFO   ]  MultiQC complete
