[2023-01-06 16:11:54,562] multiqc                                            [DEBUG  ]  No MultiQC config found: /opt/apps/qiime2/conda/lib/python3.7/site-packages/multiqc_config.yaml
[2023-01-06 16:11:54,562] multiqc                                            [DEBUG  ]  No MultiQC config found: /home/fkebaso/.multiqc_config.yaml
[2023-01-06 16:11:54,563] multiqc                                            [DEBUG  ]  No MultiQC config found: multiqc_config.yaml
[2023-01-06 16:11:54,563] multiqc                                            [DEBUG  ]  Command used: /opt/apps/qiime2/conda/bin/multiqc -o results/quality_reports/multiqc_clean_reads results/quality_reports/quality_clean_reads
[2023-01-06 16:11:56,093] multiqc                                            [WARNING]  MultiQC Version v1.13 now available!
[2023-01-06 16:11:56,094] multiqc                                            [INFO   ]  This is MultiQC v1.9
[2023-01-06 16:11:56,094] multiqc                                            [DEBUG  ]  Command     : /opt/apps/qiime2/conda/bin/multiqc -o results/quality_reports/multiqc_clean_reads results/quality_reports/quality_clean_reads
[2023-01-06 16:11:56,094] multiqc                                            [DEBUG  ]  Working dir : /scratch/fkebaso/hippo/hvariegata
[2023-01-06 16:11:56,094] multiqc                                            [INFO   ]  Template    : default
[2023-01-06 16:11:56,094] multiqc                                            [DEBUG  ]  Running Python 3.7.12 | packaged by conda-forge | (default, Oct 26 2021, 06:08:21)  [GCC 9.4.0]
[2023-01-06 16:11:56,094] multiqc                                            [INFO   ]  Searching   : /scratch/fkebaso/hippo/hvariegata/results/quality_reports/quality_clean_reads
[2023-01-06 16:11:56,095] multiqc                                            [DEBUG  ]  Analysing modules: custom_content, conpair, peddy, somalier, methylQA, mosdepth, phantompeakqualtools, qualimap, preseq, quast, qorts, rna_seqc, rockhopper, rsem, rseqc, busco, goleft_indexcov, disambiguate, supernova, deeptools, sargasso, verifybamid, mirtrace, happy, mirtop, homer, macs2, theta2, snpeff, gatk, htseq, bcftools, featureCounts, fgbio, dragen, dedup, damageprofiler, biobambam2, mtnucratio, picard, prokka, samblaster, samtools, sexdeterrmine, bamtools, jellyfish, vcftools, longranger, stacks, varscan2, bbmap, bismark, biscuit, hicexplorer, hicup, hicpro, salmon, kallisto, slamdunk, star, hisat2, tophat, bowtie2, bowtie1, snpsplit, kat, leehom, adapterRemoval, clipandmerge, cutadapt, flexbar, kaiju, kraken, malt, trimmomatic, sickle, skewer, sortmerna, biobloomtools, fastq_screen, afterqc, fastp, fastqc, pycoqc, minionqc, multivcfanalyzer, clusterflow, bcl2fastq, interop, ivar, flash, seqyclean
[2023-01-06 16:11:56,095] multiqc                                            [DEBUG  ]  Using temporary directory for creating report: /tmp/tmpm75wdnt6
[2023-01-06 16:11:56,306] multiqc                                            [DEBUG  ]  File ignored by hicexplorer because it exceeded search pattern filesize limit: S1-Hvariegata-F.R2_val_2_fastqc.html
[2023-01-06 16:11:56,310] multiqc                                            [DEBUG  ]  File ignored by longranger/invocation because it exceeded search pattern filesize limit: S1-Hvariegata-F.R2_val_2_fastqc.html
[2023-01-06 16:11:56,310] multiqc                                            [DEBUG  ]  File ignored by rockhopper because it exceeded search pattern filesize limit: S1-Hvariegata-F.R2_val_2_fastqc.html
[2023-01-06 16:11:56,310] multiqc                                            [DEBUG  ]  File ignored by rseqc/bam_stat because it exceeded search pattern filesize limit: S1-Hvariegata-F.R2_val_2_fastqc.html
[2023-01-06 16:11:56,310] multiqc                                            [DEBUG  ]  File ignored by rseqc/junction_annotation because it exceeded search pattern filesize limit: S1-Hvariegata-F.R2_val_2_fastqc.html
[2023-01-06 16:11:56,311] multiqc                                            [DEBUG  ]  File ignored by rseqc/read_distribution because it exceeded search pattern filesize limit: S1-Hvariegata-F.R2_val_2_fastqc.html
[2023-01-06 16:11:56,311] multiqc                                            [DEBUG  ]  File ignored by rseqc/infer_experiment because it exceeded search pattern filesize limit: S1-Hvariegata-F.R2_val_2_fastqc.html
[2023-01-06 16:11:56,427] multiqc                                            [DEBUG  ]  File ignored by hicexplorer because it exceeded search pattern filesize limit: S1-Hvariegata-F.R1_val_1_fastqc.html
[2023-01-06 16:11:56,429] multiqc                                            [DEBUG  ]  File ignored by longranger/invocation because it exceeded search pattern filesize limit: S1-Hvariegata-F.R1_val_1_fastqc.html
[2023-01-06 16:11:56,429] multiqc                                            [DEBUG  ]  File ignored by rockhopper because it exceeded search pattern filesize limit: S1-Hvariegata-F.R1_val_1_fastqc.html
[2023-01-06 16:11:56,429] multiqc                                            [DEBUG  ]  File ignored by rseqc/bam_stat because it exceeded search pattern filesize limit: S1-Hvariegata-F.R1_val_1_fastqc.html
[2023-01-06 16:11:56,430] multiqc                                            [DEBUG  ]  File ignored by rseqc/junction_annotation because it exceeded search pattern filesize limit: S1-Hvariegata-F.R1_val_1_fastqc.html
[2023-01-06 16:11:56,430] multiqc                                            [DEBUG  ]  File ignored by rseqc/read_distribution because it exceeded search pattern filesize limit: S1-Hvariegata-F.R1_val_1_fastqc.html
[2023-01-06 16:11:56,430] multiqc                                            [DEBUG  ]  File ignored by rseqc/infer_experiment because it exceeded search pattern filesize limit: S1-Hvariegata-F.R1_val_1_fastqc.html
[2023-01-06 16:11:56,904] multiqc.plots.bargraph                             [DEBUG  ]  Using matplotlib version 3.2.2
[2023-01-06 16:11:56,905] multiqc.plots.linegraph                            [DEBUG  ]  Using matplotlib version 3.2.2
[2023-01-06 16:11:56,906] multiqc                                            [DEBUG  ]  No samples found: custom_content
[2023-01-06 16:11:56,913] multiqc                                            [DEBUG  ]  No samples found: conpair
[2023-01-06 16:11:56,920] multiqc                                            [DEBUG  ]  No samples found: peddy
[2023-01-06 16:11:56,927] multiqc                                            [DEBUG  ]  No samples found: somalier
[2023-01-06 16:11:56,934] multiqc                                            [DEBUG  ]  No samples found: methylQA
[2023-01-06 16:11:56,941] multiqc                                            [DEBUG  ]  No samples found: mosdepth
[2023-01-06 16:11:56,948] multiqc                                            [DEBUG  ]  No samples found: phantompeakqualtools
[2023-01-06 16:11:56,954] multiqc                                            [DEBUG  ]  No samples found: qualimap
[2023-01-06 16:11:56,961] multiqc                                            [DEBUG  ]  No samples found: preseq
[2023-01-06 16:11:56,967] multiqc                                            [DEBUG  ]  No samples found: quast
[2023-01-06 16:11:56,974] multiqc                                            [DEBUG  ]  No samples found: qorts
[2023-01-06 16:11:56,981] multiqc                                            [DEBUG  ]  No samples found: rna_seqc
[2023-01-06 16:11:56,987] multiqc                                            [DEBUG  ]  No samples found: rockhopper
[2023-01-06 16:11:56,994] multiqc                                            [DEBUG  ]  No samples found: rsem
[2023-01-06 16:11:57,003] multiqc                                            [DEBUG  ]  No samples found: rseqc
[2023-01-06 16:11:57,009] multiqc                                            [DEBUG  ]  No samples found: busco
[2023-01-06 16:11:57,016] multiqc                                            [DEBUG  ]  No samples found: goleft_indexcov
[2023-01-06 16:11:57,023] multiqc                                            [DEBUG  ]  No samples found: disambiguate
[2023-01-06 16:11:57,029] multiqc                                            [DEBUG  ]  No samples found: supernova
[2023-01-06 16:11:57,038] multiqc                                            [DEBUG  ]  No samples found: deeptools
[2023-01-06 16:11:57,044] multiqc                                            [DEBUG  ]  No samples found: sargasso
[2023-01-06 16:11:57,050] multiqc                                            [DEBUG  ]  No samples found: verifybamid
[2023-01-06 16:11:57,056] multiqc                                            [DEBUG  ]  No samples found: mirtrace
[2023-01-06 16:11:57,062] multiqc                                            [DEBUG  ]  No samples found: happy
[2023-01-06 16:11:57,068] multiqc                                            [DEBUG  ]  No samples found: mirtop
[2023-01-06 16:11:57,075] multiqc                                            [DEBUG  ]  No samples found: homer
[2023-01-06 16:11:57,081] multiqc                                            [DEBUG  ]  No samples found: macs2
[2023-01-06 16:11:57,087] multiqc                                            [DEBUG  ]  No samples found: theta2
[2023-01-06 16:11:57,093] multiqc                                            [DEBUG  ]  No samples found: snpeff
[2023-01-06 16:11:57,099] multiqc                                            [DEBUG  ]  No samples found: gatk
[2023-01-06 16:11:57,105] multiqc                                            [DEBUG  ]  No samples found: htseq
[2023-01-06 16:11:57,112] multiqc                                            [DEBUG  ]  No samples found: bcftools
[2023-01-06 16:11:57,117] multiqc                                            [DEBUG  ]  No samples found: featureCounts
[2023-01-06 16:11:57,124] multiqc                                            [DEBUG  ]  No samples found: fgbio
[2023-01-06 16:11:57,133] multiqc                                            [DEBUG  ]  No samples found: dragen
[2023-01-06 16:11:57,139] multiqc                                            [DEBUG  ]  No samples found: dedup
[2023-01-06 16:11:57,145] multiqc                                            [DEBUG  ]  No samples found: damageprofiler
[2023-01-06 16:11:57,155] multiqc                                            [DEBUG  ]  No samples found: biobambam2
[2023-01-06 16:11:57,162] multiqc                                            [DEBUG  ]  No samples found: mtnucratio
[2023-01-06 16:11:57,168] multiqc                                            [DEBUG  ]  No samples found: picard
[2023-01-06 16:11:57,174] multiqc                                            [DEBUG  ]  No samples found: prokka
[2023-01-06 16:11:57,180] multiqc                                            [DEBUG  ]  No samples found: samblaster
[2023-01-06 16:11:57,187] multiqc                                            [DEBUG  ]  No samples found: samtools
[2023-01-06 16:11:57,193] multiqc                                            [DEBUG  ]  No samples found: sexdeterrmine
[2023-01-06 16:11:57,202] multiqc                                            [DEBUG  ]  No samples found: bamtools
[2023-01-06 16:11:57,208] multiqc                                            [DEBUG  ]  No samples found: jellyfish
[2023-01-06 16:11:57,215] multiqc                                            [DEBUG  ]  No samples found: vcftools
[2023-01-06 16:11:57,221] multiqc                                            [DEBUG  ]  No samples found: longranger
[2023-01-06 16:11:57,227] multiqc                                            [DEBUG  ]  No samples found: stacks
[2023-01-06 16:11:57,233] multiqc                                            [DEBUG  ]  No samples found: varscan2
[2023-01-06 16:11:57,242] multiqc                                            [DEBUG  ]  No samples found: bbmap
[2023-01-06 16:11:57,248] multiqc                                            [DEBUG  ]  No samples found: bismark
[2023-01-06 16:11:57,255] multiqc                                            [DEBUG  ]  No samples found: biscuit
[2023-01-06 16:11:57,261] multiqc                                            [DEBUG  ]  No samples found: hicexplorer
[2023-01-06 16:11:57,267] multiqc                                            [DEBUG  ]  No samples found: hicup
[2023-01-06 16:11:57,273] multiqc                                            [DEBUG  ]  No samples found: hicpro
[2023-01-06 16:11:57,279] multiqc                                            [DEBUG  ]  No samples found: salmon
[2023-01-06 16:11:57,285] multiqc                                            [DEBUG  ]  No samples found: kallisto
[2023-01-06 16:11:57,291] multiqc                                            [DEBUG  ]  No samples found: slamdunk
[2023-01-06 16:11:57,297] multiqc                                            [DEBUG  ]  No samples found: star
[2023-01-06 16:11:57,303] multiqc                                            [DEBUG  ]  No samples found: hisat2
[2023-01-06 16:11:57,309] multiqc                                            [DEBUG  ]  No samples found: tophat
[2023-01-06 16:11:57,315] multiqc                                            [DEBUG  ]  No samples found: bowtie2
[2023-01-06 16:11:57,321] multiqc                                            [DEBUG  ]  No samples found: bowtie1
[2023-01-06 16:11:57,326] multiqc                                            [DEBUG  ]  No samples found: snpsplit
[2023-01-06 16:11:57,332] multiqc                                            [DEBUG  ]  No samples found: kat
[2023-01-06 16:11:57,338] multiqc                                            [DEBUG  ]  No samples found: leehom
[2023-01-06 16:11:57,344] multiqc                                            [DEBUG  ]  No samples found: adapterRemoval
[2023-01-06 16:11:57,350] multiqc                                            [DEBUG  ]  No samples found: clipandmerge
[2023-01-06 16:11:57,356] multiqc                                            [DEBUG  ]  No samples found: cutadapt
[2023-01-06 16:11:57,362] multiqc                                            [DEBUG  ]  No samples found: flexbar
[2023-01-06 16:11:57,367] multiqc                                            [DEBUG  ]  No samples found: kaiju
[2023-01-06 16:11:57,374] multiqc                                            [DEBUG  ]  No samples found: kraken
[2023-01-06 16:11:57,380] multiqc                                            [DEBUG  ]  No samples found: malt
[2023-01-06 16:11:57,385] multiqc                                            [DEBUG  ]  No samples found: trimmomatic
[2023-01-06 16:11:57,391] multiqc                                            [DEBUG  ]  No samples found: sickle
[2023-01-06 16:11:57,397] multiqc                                            [DEBUG  ]  No samples found: skewer
[2023-01-06 16:11:57,403] multiqc                                            [DEBUG  ]  No samples found: sortmerna
[2023-01-06 16:11:57,410] multiqc                                            [DEBUG  ]  No samples found: biobloomtools
[2023-01-06 16:11:57,416] multiqc                                            [DEBUG  ]  No samples found: fastq_screen
[2023-01-06 16:11:57,422] multiqc                                            [DEBUG  ]  No samples found: afterqc
[2023-01-06 16:11:57,428] multiqc                                            [DEBUG  ]  No samples found: fastp
[2023-01-06 16:11:57,514] multiqc.modules.fastqc.fastqc                      [INFO   ]  Found 2 reports
[2023-01-06 16:11:57,655] multiqc                                            [DEBUG  ]  No samples found: pycoqc
[2023-01-06 16:11:57,660] multiqc                                            [DEBUG  ]  No samples found: minionqc
[2023-01-06 16:11:57,667] multiqc                                            [DEBUG  ]  No samples found: multivcfanalyzer
[2023-01-06 16:11:57,673] multiqc                                            [DEBUG  ]  No samples found: clusterflow
[2023-01-06 16:11:57,679] multiqc                                            [DEBUG  ]  No samples found: bcl2fastq
[2023-01-06 16:11:57,685] multiqc                                            [DEBUG  ]  No samples found: interop
[2023-01-06 16:11:57,691] multiqc                                            [DEBUG  ]  No samples found: ivar
[2023-01-06 16:11:57,697] multiqc                                            [DEBUG  ]  No samples found: flash
[2023-01-06 16:11:57,703] multiqc                                            [DEBUG  ]  No samples found: seqyclean
[2023-01-06 16:11:57,710] multiqc                                            [INFO   ]  Compressing plot data
[2023-01-06 16:11:57,776] multiqc                                            [WARNING]  Previous MultiQC output found! Adjusting filenames..
[2023-01-06 16:11:57,776] multiqc                                            [WARNING]  Use -f or --force to overwrite existing reports instead
[2023-01-06 16:11:57,776] multiqc                                            [INFO   ]  Report      : results/quality_reports/multiqc_clean_reads/multiqc_report_2.html
[2023-01-06 16:11:57,777] multiqc                                            [INFO   ]  Data        : results/quality_reports/multiqc_clean_reads/multiqc_data_2
[2023-01-06 16:11:57,777] multiqc                                            [DEBUG  ]  Moving data file from '/tmp/tmpm75wdnt6/multiqc_data' to 'results/quality_reports/multiqc_clean_reads/multiqc_data_2'
[2023-01-06 16:11:57,958] multiqc                                            [INFO   ]  MultiQC complete
