[2023-01-06 14:45:47,050] multiqc                                            [DEBUG  ]  No MultiQC config found: /opt/apps/qiime2/conda/lib/python3.7/site-packages/multiqc_config.yaml
[2023-01-06 14:45:47,050] multiqc                                            [DEBUG  ]  No MultiQC config found: /home/fkebaso/.multiqc_config.yaml
[2023-01-06 14:45:47,050] multiqc                                            [DEBUG  ]  No MultiQC config found: multiqc_config.yaml
[2023-01-06 14:45:47,050] multiqc                                            [DEBUG  ]  Command used: /opt/apps/qiime2/conda/bin/multiqc -o results/quality_reports/multiqc_clean_reads results/quality_reports/quality_clean_reads
[2023-01-06 14:45:48,449] multiqc                                            [WARNING]  MultiQC Version v1.13 now available!
[2023-01-06 14:45:48,449] multiqc                                            [INFO   ]  This is MultiQC v1.9
[2023-01-06 14:45:48,449] multiqc                                            [DEBUG  ]  Command     : /opt/apps/qiime2/conda/bin/multiqc -o results/quality_reports/multiqc_clean_reads results/quality_reports/quality_clean_reads
[2023-01-06 14:45:48,449] multiqc                                            [DEBUG  ]  Working dir : /scratch/fkebaso/hippo/hvariegata
[2023-01-06 14:45:48,449] multiqc                                            [INFO   ]  Template    : default
[2023-01-06 14:45:48,449] multiqc                                            [DEBUG  ]  Running Python 3.7.12 | packaged by conda-forge | (default, Oct 26 2021, 06:08:21)  [GCC 9.4.0]
[2023-01-06 14:45:48,449] multiqc                                            [INFO   ]  Searching   : /scratch/fkebaso/hippo/hvariegata/results/quality_reports/quality_clean_reads
[2023-01-06 14:45:48,450] multiqc                                            [DEBUG  ]  Analysing modules: custom_content, conpair, peddy, somalier, methylQA, mosdepth, phantompeakqualtools, qualimap, preseq, quast, qorts, rna_seqc, rockhopper, rsem, rseqc, busco, goleft_indexcov, disambiguate, supernova, deeptools, sargasso, verifybamid, mirtrace, happy, mirtop, homer, macs2, theta2, snpeff, gatk, htseq, bcftools, featureCounts, fgbio, dragen, dedup, damageprofiler, biobambam2, mtnucratio, picard, prokka, samblaster, samtools, sexdeterrmine, bamtools, jellyfish, vcftools, longranger, stacks, varscan2, bbmap, bismark, biscuit, hicexplorer, hicup, hicpro, salmon, kallisto, slamdunk, star, hisat2, tophat, bowtie2, bowtie1, snpsplit, kat, leehom, adapterRemoval, clipandmerge, cutadapt, flexbar, kaiju, kraken, malt, trimmomatic, sickle, skewer, sortmerna, biobloomtools, fastq_screen, afterqc, fastp, fastqc, pycoqc, minionqc, multivcfanalyzer, clusterflow, bcl2fastq, interop, ivar, flash, seqyclean
[2023-01-06 14:45:48,450] multiqc                                            [DEBUG  ]  Using temporary directory for creating report: /tmp/tmpplnjyk25
[2023-01-06 14:45:48,653] multiqc                                            [DEBUG  ]  File ignored by hicexplorer because it exceeded search pattern filesize limit: S1-Hvariegata-F.R2_val_2_fastqc.html
[2023-01-06 14:45:48,657] multiqc                                            [DEBUG  ]  File ignored by longranger/invocation because it exceeded search pattern filesize limit: S1-Hvariegata-F.R2_val_2_fastqc.html
[2023-01-06 14:45:48,657] multiqc                                            [DEBUG  ]  File ignored by rockhopper because it exceeded search pattern filesize limit: S1-Hvariegata-F.R2_val_2_fastqc.html
[2023-01-06 14:45:48,658] multiqc                                            [DEBUG  ]  File ignored by rseqc/bam_stat because it exceeded search pattern filesize limit: S1-Hvariegata-F.R2_val_2_fastqc.html
[2023-01-06 14:45:48,658] multiqc                                            [DEBUG  ]  File ignored by rseqc/junction_annotation because it exceeded search pattern filesize limit: S1-Hvariegata-F.R2_val_2_fastqc.html
[2023-01-06 14:45:48,658] multiqc                                            [DEBUG  ]  File ignored by rseqc/read_distribution because it exceeded search pattern filesize limit: S1-Hvariegata-F.R2_val_2_fastqc.html
[2023-01-06 14:45:48,658] multiqc                                            [DEBUG  ]  File ignored by rseqc/infer_experiment because it exceeded search pattern filesize limit: S1-Hvariegata-F.R2_val_2_fastqc.html
[2023-01-06 14:45:48,781] multiqc                                            [DEBUG  ]  File ignored by hicexplorer because it exceeded search pattern filesize limit: S1-Hvariegata-F.R1_val_1_fastqc.html
[2023-01-06 14:45:48,784] multiqc                                            [DEBUG  ]  File ignored by longranger/invocation because it exceeded search pattern filesize limit: S1-Hvariegata-F.R1_val_1_fastqc.html
[2023-01-06 14:45:48,784] multiqc                                            [DEBUG  ]  File ignored by rockhopper because it exceeded search pattern filesize limit: S1-Hvariegata-F.R1_val_1_fastqc.html
[2023-01-06 14:45:48,784] multiqc                                            [DEBUG  ]  File ignored by rseqc/bam_stat because it exceeded search pattern filesize limit: S1-Hvariegata-F.R1_val_1_fastqc.html
[2023-01-06 14:45:48,784] multiqc                                            [DEBUG  ]  File ignored by rseqc/junction_annotation because it exceeded search pattern filesize limit: S1-Hvariegata-F.R1_val_1_fastqc.html
[2023-01-06 14:45:48,784] multiqc                                            [DEBUG  ]  File ignored by rseqc/read_distribution because it exceeded search pattern filesize limit: S1-Hvariegata-F.R1_val_1_fastqc.html
[2023-01-06 14:45:48,785] multiqc                                            [DEBUG  ]  File ignored by rseqc/infer_experiment because it exceeded search pattern filesize limit: S1-Hvariegata-F.R1_val_1_fastqc.html
[2023-01-06 14:45:49,283] multiqc.plots.bargraph                             [DEBUG  ]  Using matplotlib version 3.2.2
[2023-01-06 14:45:49,284] multiqc.plots.linegraph                            [DEBUG  ]  Using matplotlib version 3.2.2
[2023-01-06 14:45:49,285] multiqc                                            [DEBUG  ]  No samples found: custom_content
[2023-01-06 14:45:49,293] multiqc                                            [DEBUG  ]  No samples found: conpair
[2023-01-06 14:45:49,300] multiqc                                            [DEBUG  ]  No samples found: peddy
[2023-01-06 14:45:49,307] multiqc                                            [DEBUG  ]  No samples found: somalier
[2023-01-06 14:45:49,314] multiqc                                            [DEBUG  ]  No samples found: methylQA
[2023-01-06 14:45:49,321] multiqc                                            [DEBUG  ]  No samples found: mosdepth
[2023-01-06 14:45:49,328] multiqc                                            [DEBUG  ]  No samples found: phantompeakqualtools
[2023-01-06 14:45:49,335] multiqc                                            [DEBUG  ]  No samples found: qualimap
[2023-01-06 14:45:49,341] multiqc                                            [DEBUG  ]  No samples found: preseq
[2023-01-06 14:45:49,348] multiqc                                            [DEBUG  ]  No samples found: quast
[2023-01-06 14:45:49,355] multiqc                                            [DEBUG  ]  No samples found: qorts
[2023-01-06 14:45:49,362] multiqc                                            [DEBUG  ]  No samples found: rna_seqc
[2023-01-06 14:45:49,369] multiqc                                            [DEBUG  ]  No samples found: rockhopper
[2023-01-06 14:45:49,376] multiqc                                            [DEBUG  ]  No samples found: rsem
[2023-01-06 14:45:49,385] multiqc                                            [DEBUG  ]  No samples found: rseqc
[2023-01-06 14:45:49,392] multiqc                                            [DEBUG  ]  No samples found: busco
[2023-01-06 14:45:49,398] multiqc                                            [DEBUG  ]  No samples found: goleft_indexcov
[2023-01-06 14:45:49,405] multiqc                                            [DEBUG  ]  No samples found: disambiguate
[2023-01-06 14:45:49,412] multiqc                                            [DEBUG  ]  No samples found: supernova
[2023-01-06 14:45:49,422] multiqc                                            [DEBUG  ]  No samples found: deeptools
[2023-01-06 14:45:49,428] multiqc                                            [DEBUG  ]  No samples found: sargasso
[2023-01-06 14:45:49,435] multiqc                                            [DEBUG  ]  No samples found: verifybamid
[2023-01-06 14:45:49,442] multiqc                                            [DEBUG  ]  No samples found: mirtrace
[2023-01-06 14:45:49,449] multiqc                                            [DEBUG  ]  No samples found: happy
[2023-01-06 14:45:49,455] multiqc                                            [DEBUG  ]  No samples found: mirtop
[2023-01-06 14:45:49,463] multiqc                                            [DEBUG  ]  No samples found: homer
[2023-01-06 14:45:49,471] multiqc                                            [DEBUG  ]  No samples found: macs2
[2023-01-06 14:45:49,478] multiqc                                            [DEBUG  ]  No samples found: theta2
[2023-01-06 14:45:49,485] multiqc                                            [DEBUG  ]  No samples found: snpeff
[2023-01-06 14:45:49,492] multiqc                                            [DEBUG  ]  No samples found: gatk
[2023-01-06 14:45:49,499] multiqc                                            [DEBUG  ]  No samples found: htseq
[2023-01-06 14:45:49,506] multiqc                                            [DEBUG  ]  No samples found: bcftools
[2023-01-06 14:45:49,513] multiqc                                            [DEBUG  ]  No samples found: featureCounts
[2023-01-06 14:45:49,520] multiqc                                            [DEBUG  ]  No samples found: fgbio
[2023-01-06 14:45:49,530] multiqc                                            [DEBUG  ]  No samples found: dragen
[2023-01-06 14:45:49,537] multiqc                                            [DEBUG  ]  No samples found: dedup
[2023-01-06 14:45:49,544] multiqc                                            [DEBUG  ]  No samples found: damageprofiler
[2023-01-06 14:45:49,556] multiqc                                            [DEBUG  ]  No samples found: biobambam2
[2023-01-06 14:45:49,564] multiqc                                            [DEBUG  ]  No samples found: mtnucratio
[2023-01-06 14:45:49,570] multiqc                                            [DEBUG  ]  No samples found: picard
[2023-01-06 14:45:49,577] multiqc                                            [DEBUG  ]  No samples found: prokka
[2023-01-06 14:45:49,584] multiqc                                            [DEBUG  ]  No samples found: samblaster
[2023-01-06 14:45:49,591] multiqc                                            [DEBUG  ]  No samples found: samtools
[2023-01-06 14:45:49,598] multiqc                                            [DEBUG  ]  No samples found: sexdeterrmine
[2023-01-06 14:45:49,609] multiqc                                            [DEBUG  ]  No samples found: bamtools
[2023-01-06 14:45:49,615] multiqc                                            [DEBUG  ]  No samples found: jellyfish
[2023-01-06 14:45:49,623] multiqc                                            [DEBUG  ]  No samples found: vcftools
[2023-01-06 14:45:49,630] multiqc                                            [DEBUG  ]  No samples found: longranger
[2023-01-06 14:45:49,637] multiqc                                            [DEBUG  ]  No samples found: stacks
[2023-01-06 14:45:49,644] multiqc                                            [DEBUG  ]  No samples found: varscan2
[2023-01-06 14:45:49,653] multiqc                                            [DEBUG  ]  No samples found: bbmap
[2023-01-06 14:45:49,660] multiqc                                            [DEBUG  ]  No samples found: bismark
[2023-01-06 14:45:49,668] multiqc                                            [DEBUG  ]  No samples found: biscuit
[2023-01-06 14:45:49,674] multiqc                                            [DEBUG  ]  No samples found: hicexplorer
[2023-01-06 14:45:49,681] multiqc                                            [DEBUG  ]  No samples found: hicup
[2023-01-06 14:45:49,688] multiqc                                            [DEBUG  ]  No samples found: hicpro
[2023-01-06 14:45:49,695] multiqc                                            [DEBUG  ]  No samples found: salmon
[2023-01-06 14:45:49,702] multiqc                                            [DEBUG  ]  No samples found: kallisto
[2023-01-06 14:45:49,709] multiqc                                            [DEBUG  ]  No samples found: slamdunk
[2023-01-06 14:45:49,716] multiqc                                            [DEBUG  ]  No samples found: star
[2023-01-06 14:45:49,722] multiqc                                            [DEBUG  ]  No samples found: hisat2
[2023-01-06 14:45:49,729] multiqc                                            [DEBUG  ]  No samples found: tophat
[2023-01-06 14:45:49,736] multiqc                                            [DEBUG  ]  No samples found: bowtie2
[2023-01-06 14:45:49,743] multiqc                                            [DEBUG  ]  No samples found: bowtie1
[2023-01-06 14:45:49,749] multiqc                                            [DEBUG  ]  No samples found: snpsplit
[2023-01-06 14:45:49,756] multiqc                                            [DEBUG  ]  No samples found: kat
[2023-01-06 14:45:49,763] multiqc                                            [DEBUG  ]  No samples found: leehom
[2023-01-06 14:45:49,770] multiqc                                            [DEBUG  ]  No samples found: adapterRemoval
[2023-01-06 14:45:49,777] multiqc                                            [DEBUG  ]  No samples found: clipandmerge
[2023-01-06 14:45:49,783] multiqc                                            [DEBUG  ]  No samples found: cutadapt
[2023-01-06 14:45:49,790] multiqc                                            [DEBUG  ]  No samples found: flexbar
[2023-01-06 14:45:49,797] multiqc                                            [DEBUG  ]  No samples found: kaiju
[2023-01-06 14:45:49,803] multiqc                                            [DEBUG  ]  No samples found: kraken
[2023-01-06 14:45:49,810] multiqc                                            [DEBUG  ]  No samples found: malt
[2023-01-06 14:45:49,817] multiqc                                            [DEBUG  ]  No samples found: trimmomatic
[2023-01-06 14:45:49,824] multiqc                                            [DEBUG  ]  No samples found: sickle
[2023-01-06 14:45:49,830] multiqc                                            [DEBUG  ]  No samples found: skewer
[2023-01-06 14:45:49,837] multiqc                                            [DEBUG  ]  No samples found: sortmerna
[2023-01-06 14:45:49,844] multiqc                                            [DEBUG  ]  No samples found: biobloomtools
[2023-01-06 14:45:49,851] multiqc                                            [DEBUG  ]  No samples found: fastq_screen
[2023-01-06 14:45:49,857] multiqc                                            [DEBUG  ]  No samples found: afterqc
[2023-01-06 14:45:49,864] multiqc                                            [DEBUG  ]  No samples found: fastp
[2023-01-06 14:45:49,958] multiqc.modules.fastqc.fastqc                      [INFO   ]  Found 2 reports
[2023-01-06 14:45:50,104] multiqc                                            [DEBUG  ]  No samples found: pycoqc
[2023-01-06 14:45:50,111] multiqc                                            [DEBUG  ]  No samples found: minionqc
[2023-01-06 14:45:50,118] multiqc                                            [DEBUG  ]  No samples found: multivcfanalyzer
[2023-01-06 14:45:50,125] multiqc                                            [DEBUG  ]  No samples found: clusterflow
[2023-01-06 14:45:50,131] multiqc                                            [DEBUG  ]  No samples found: bcl2fastq
[2023-01-06 14:45:50,138] multiqc                                            [DEBUG  ]  No samples found: interop
[2023-01-06 14:45:50,144] multiqc                                            [DEBUG  ]  No samples found: ivar
[2023-01-06 14:45:50,157] multiqc                                            [DEBUG  ]  No samples found: flash
[2023-01-06 14:45:50,164] multiqc                                            [DEBUG  ]  No samples found: seqyclean
[2023-01-06 14:45:50,174] multiqc                                            [INFO   ]  Compressing plot data
[2023-01-06 14:45:50,248] multiqc                                            [WARNING]  Previous MultiQC output found! Adjusting filenames..
[2023-01-06 14:45:50,249] multiqc                                            [WARNING]  Use -f or --force to overwrite existing reports instead
[2023-01-06 14:45:50,249] multiqc                                            [INFO   ]  Report      : results/quality_reports/multiqc_clean_reads/multiqc_report_1.html
[2023-01-06 14:45:50,249] multiqc                                            [INFO   ]  Data        : results/quality_reports/multiqc_clean_reads/multiqc_data_1
[2023-01-06 14:45:50,249] multiqc                                            [DEBUG  ]  Moving data file from '/tmp/tmpplnjyk25/multiqc_data' to 'results/quality_reports/multiqc_clean_reads/multiqc_data_1'
[2023-01-06 14:45:50,446] multiqc                                            [INFO   ]  MultiQC complete
